<?xml version="1.0" encoding="UTF-8"?>
<testsuite xmlns:xsi="http://www.w3.org/2001/XMLSchema-instance" xsi:schemaLocation="https://maven.apache.org/surefire/maven-surefire-plugin/xsd/surefire-test-report.xsd" name="TestSuite" time="866.478" tests="33" errors="0" skipped="6" failures="2">
  <properties>
    <property name="java.runtime.name" value="OpenJDK Runtime Environment"/>
    <property name="java.vm.version" value="14.0.2+12-46"/>
    <property name="sun.boot.library.path" value="C:\Users\Gbenga\.p2\pool\plugins\org.eclipse.justj.openjdk.hotspot.jre.full.win32.x86_64_14.0.2.v20200815-0932\jre\bin"/>
    <property name="maven.multiModuleProjectDirectory" value="C:\Nerve_Automation"/>
    <property name="java.vm.vendor" value="Oracle Corporation"/>
    <property name="java.vendor.url" value="https://java.oracle.com/"/>
    <property name="guice.disable.misplaced.annotation.check" value="true"/>
    <property name="path.separator" value=";"/>
    <property name="java.vm.name" value="OpenJDK 64-Bit Server VM"/>
    <property name="sun.os.patch.level" value=""/>
    <property name="user.script" value=""/>
    <property name="user.country" value="US"/>
    <property name="sun.java.launcher" value="SUN_STANDARD"/>
    <property name="java.vm.specification.name" value="Java Virtual Machine Specification"/>
    <property name="user.dir" value="C:\Nerve_Automation"/>
    <property name="java.vm.compressedOopsMode" value="32-bit"/>
    <property name="java.runtime.version" value="14.0.2+12-46"/>
    <property name="os.arch" value="amd64"/>
    <property name="java.io.tmpdir" value="C:\Users\Gbenga\AppData\Local\Temp\"/>
    <property name="line.separator" value="&#10;"/>
    <property name="java.vm.specification.vendor" value="Oracle Corporation"/>
    <property name="user.variant" value=""/>
    <property name="os.name" value="Windows 10"/>
    <property name="classworlds.conf" value="C:\Users\Gbenga\eclipse-workspace\.metadata\.plugins\org.eclipse.m2e.launching\launches\m2conf2546481344150286674.tmp"/>
    <property name="sun.jnu.encoding" value="Cp1252"/>
    <property name="java.library.path" value="C:\Users\Gbenga\.p2\pool\plugins\org.eclipse.justj.openjdk.hotspot.jre.full.win32.x86_64_14.0.2.v20200815-0932\jre\bin;C:\WINDOWS\Sun\Java\bin;C:\WINDOWS\system32;C:\WINDOWS;C:/Users/Gbenga/.p2/pool/plugins/org.eclipse.justj.openjdk.hotspot.jre.full.win32.x86_64_14.0.2.v20200815-0932/jre/bin/server;C:/Users/Gbenga/.p2/pool/plugins/org.eclipse.justj.openjdk.hotspot.jre.full.win32.x86_64_14.0.2.v20200815-0932/jre/bin;C:/Users/Gbenga/AppData/Local/Temp/eoiE726.tmp//plugins/org.eclipse.justj.openjdk.hotspot.jre.minimal.stripped.win32.x86_64_14.0.2.v20200815-0932/jre/bin/server;C:/Users/Gbenga/AppData/Local/Temp/eoiE726.tmp//plugins/org.eclipse.justj.openjdk.hotspot.jre.minimal.stripped.win32.x86_64_14.0.2.v20200815-0932/jre/bin;C:\Program Files (x86)\Common Files\Oracle\Java\javapath;C:\WINDOWS\system32;C:\WINDOWS;C:\WINDOWS\System32\Wbem;C:\WINDOWS\System32\WindowsPowerShell\v1.0\;C:\WINDOWS\System32\OpenSSH\;C:\Program Files\Java\jdk1.8.0_261\bin;C:\apache-maven-3.6.3\bin;C:\Program Files\Git\cmd;C:\Program Files\dotnet\;C:\Program Files\Microsoft SQL Server\130\Tools\Binn\;C:\Program Files\Microsoft SQL Server\Client SDK\ODBC\170\Tools\Binn\;C:\Program Files (x86)\Microsoft SQL Server\150\DTS\Binn\;C:\Users\Gbenga\AppData\Local\Microsoft\WindowsApps;C:\Users\Gbenga\.dotnet\tools;C:\WINDOWS\system32;;C:\WINDOWS\system32;;."/>
    <property name="jdk.debug" value="release"/>
    <property name="java.class.version" value="58.0"/>
    <property name="java.specification.name" value="Java Platform API Specification"/>
    <property name="sun.management.compiler" value="HotSpot 64-Bit Tiered Compilers"/>
    <property name="os.version" value="10.0"/>
    <property name="user.home" value="C:\Users\Gbenga"/>
    <property name="user.timezone" value="Africa/Lagos"/>
    <property name="file.encoding" value="Cp1252"/>
    <property name="java.specification.version" value="14"/>
    <property name="user.name" value="Gbenga"/>
    <property name="java.class.path" value="C:\Users\Gbenga\.p2\pool\plugins\org.eclipse.m2e.maven.runtime_1.16.0.20200610-1735\jars\plexus-classworlds-2.6.0.jar"/>
    <property name="java.vm.specification.version" value="14"/>
    <property name="sun.arch.data.model" value="64"/>
    <property name="sun.java.command" value="org.codehaus.plexus.classworlds.launcher.Launcher -B test"/>
    <property name="java.home" value="C:\Users\Gbenga\.p2\pool\plugins\org.eclipse.justj.openjdk.hotspot.jre.full.win32.x86_64_14.0.2.v20200815-0932\jre"/>
    <property name="user.language" value="en"/>
    <property name="java.specification.vendor" value="Oracle Corporation"/>
    <property name="java.vm.info" value="mixed mode"/>
    <property name="java.version" value="14.0.2"/>
    <property name="java.vendor" value="Oracle Corporation"/>
    <property name="maven.home" value="C:\Nerve_Automation\EMBEDDED"/>
    <property name="file.separator" value="\"/>
    <property name="java.version.date" value="2020-07-14"/>
    <property name="java.vendor.url.bug" value="https://bugreport.java.com/bugreport/"/>
    <property name="sun.io.unicode.encoding" value="UnicodeLittle"/>
    <property name="sun.cpu.endian" value="little"/>
    <property name="sun.cpu.isalist" value="amd64"/>
  </properties>
  <testcase name="googleSign" classname="com.kuda.testCases.ValidateLogin" time="12.073"/>
  <testcase name="viewBranches" classname="com.kuda.testCases.BranchManagement" time="67.854"/>
  <testcase name="viewCASAccount" classname="com.kuda.testCases.CustomerAccountManagement" time="30.462"/>
  <testcase name="searchByAccountName" classname="com.kuda.testCases.CustomerAccountManagement" time="3.313"/>
  <testcase name="searchByAccountNumber" classname="com.kuda.testCases.CustomerAccountManagement" time="5.241"/>
  <testcase name="searchByAccountEmail" classname="com.kuda.testCases.CustomerAccountManagement" time="3.111"/>
  <testcase name="viewAccountBalance" classname="com.kuda.testCases.CustomerAccountManagement" time="6.47"/>
  <testcase name="editCustomerAccount" classname="com.kuda.testCases.CustomerAccountManagement" time="40.076"/>
  <testcase name="createCustomerAccount" classname="com.kuda.testCases.CustomerAccountManagement" time="23.919"/>
  <testcase name="setUp" classname="com.kuda.testCases.CustomerInfoManagement" time="328.287">
    <failure message="timeout: Timed out receiving message from renderer: 298.492&#10;  (Session info: chrome=86.0.4240.183)&#10;Build info: version: &apos;3.141.59&apos;, revision: &apos;e82be7d358&apos;, time: &apos;2018-11-14T08:17:03&apos;&#10;System info: host: &apos;DESKTOP-D068G7Q&apos;, ip: &apos;192.168.43.200&apos;, os.name: &apos;Windows 10&apos;, os.arch: &apos;amd64&apos;, os.version: &apos;10.0&apos;, java.version: &apos;14.0.2&apos;&#10;Driver info: org.openqa.selenium.chrome.ChromeDriver&#10;Capabilities {acceptInsecureCerts: false, browserName: chrome, browserVersion: 86.0.4240.183, chrome: {chromedriverVersion: 85.0.4183.87 (cd6713ebf92fa..., userDataDir: C:\Users\Gbenga\AppData\Loc...}, goog:chromeOptions: {debuggerAddress: localhost:61236}, javascriptEnabled: true, networkConnectionEnabled: false, pageLoadStrategy: normal, platform: WINDOWS, platformName: WINDOWS, proxy: Proxy(), setWindowRect: true, strictFileInteractability: false, timeouts: {implicit: 0, pageLoad: 300000, script: 30000}, unhandledPromptBehavior: dismiss and notify, webauthn:virtualAuthenticators: true}&#10;Session ID: a4b5250ceb8694cc9135cd900d32881c" type="org.openqa.selenium.TimeoutException">org.openqa.selenium.TimeoutException: 
timeout: Timed out receiving message from renderer: 298.492
  (Session info: chrome=86.0.4240.183)
Build info: version: '3.141.59', revision: 'e82be7d358', time: '2018-11-14T08:17:03'
System info: host: 'DESKTOP-D068G7Q', ip: '192.168.43.200', os.name: 'Windows 10', os.arch: 'amd64', os.version: '10.0', java.version: '14.0.2'
Driver info: org.openqa.selenium.chrome.ChromeDriver
Capabilities {acceptInsecureCerts: false, browserName: chrome, browserVersion: 86.0.4240.183, chrome: {chromedriverVersion: 85.0.4183.87 (cd6713ebf92fa..., userDataDir: C:\Users\Gbenga\AppData\Loc...}, goog:chromeOptions: {debuggerAddress: localhost:61236}, javascriptEnabled: true, networkConnectionEnabled: false, pageLoadStrategy: normal, platform: WINDOWS, platformName: WINDOWS, proxy: Proxy(), setWindowRect: true, strictFileInteractability: false, timeouts: {implicit: 0, pageLoad: 300000, script: 30000}, unhandledPromptBehavior: dismiss and notify, webauthn:virtualAuthenticators: true}
Session ID: a4b5250ceb8694cc9135cd900d32881c
</failure>
    <system-out><![CDATA[=====Browser Session End=====
]]></system-out>
    <system-err><![CDATA[Starting ChromeDriver 85.0.4183.87 (cd6713ebf92fa1cacc0f1a598df280093af0c5d7-refs/branch-heads/4183@{#1689}) on port 15434
Only local connections are allowed.
Please see https://chromedriver.chromium.org/security-considerations for suggestions on keeping ChromeDriver safe.
ChromeDriver was started successfully.
[1604780864.752][WARNING]: This version of ChromeDriver has not been tested with Chrome version 86.
Nov 07, 2020 9:27:46 PM org.openqa.selenium.remote.ProtocolHandshake createSession
INFO: Detected dialect: W3C
[1604781166.813][SEVERE]: Timed out receiving message from renderer: 298.492
[1604781166.814][SEVERE]: Timed out receiving message from renderer: 298.492
]]></system-err>
  </testcase>
  <testcase name="viewCustomers" classname="com.kuda.testCases.CustomerInfoManagement" time="0">
    <skipped message="timeout: Timed out receiving message from renderer: 298.492&#10;  (Session info: chrome=86.0.4240.183)&#10;Build info: version: &apos;3.141.59&apos;, revision: &apos;e82be7d358&apos;, time: &apos;2018-11-14T08:17:03&apos;&#10;System info: host: &apos;DESKTOP-D068G7Q&apos;, ip: &apos;192.168.43.200&apos;, os.name: &apos;Windows 10&apos;, os.arch: &apos;amd64&apos;, os.version: &apos;10.0&apos;, java.version: &apos;14.0.2&apos;&#10;Driver info: org.openqa.selenium.chrome.ChromeDriver&#10;Capabilities {acceptInsecureCerts: false, browserName: chrome, browserVersion: 86.0.4240.183, chrome: {chromedriverVersion: 85.0.4183.87 (cd6713ebf92fa..., userDataDir: C:\Users\Gbenga\AppData\Loc...}, goog:chromeOptions: {debuggerAddress: localhost:61236}, javascriptEnabled: true, networkConnectionEnabled: false, pageLoadStrategy: normal, platform: WINDOWS, platformName: WINDOWS, proxy: Proxy(), setWindowRect: true, strictFileInteractability: false, timeouts: {implicit: 0, pageLoad: 300000, script: 30000}, unhandledPromptBehavior: dismiss and notify, webauthn:virtualAuthenticators: true}&#10;Session ID: a4b5250ceb8694cc9135cd900d32881c"/>
  </testcase>
  <testcase name="searchCustomerByName" classname="com.kuda.testCases.CustomerInfoManagement" time="0">
    <skipped message="timeout: Timed out receiving message from renderer: 298.492&#10;  (Session info: chrome=86.0.4240.183)&#10;Build info: version: &apos;3.141.59&apos;, revision: &apos;e82be7d358&apos;, time: &apos;2018-11-14T08:17:03&apos;&#10;System info: host: &apos;DESKTOP-D068G7Q&apos;, ip: &apos;192.168.43.200&apos;, os.name: &apos;Windows 10&apos;, os.arch: &apos;amd64&apos;, os.version: &apos;10.0&apos;, java.version: &apos;14.0.2&apos;&#10;Driver info: org.openqa.selenium.chrome.ChromeDriver&#10;Capabilities {acceptInsecureCerts: false, browserName: chrome, browserVersion: 86.0.4240.183, chrome: {chromedriverVersion: 85.0.4183.87 (cd6713ebf92fa..., userDataDir: C:\Users\Gbenga\AppData\Loc...}, goog:chromeOptions: {debuggerAddress: localhost:61236}, javascriptEnabled: true, networkConnectionEnabled: false, pageLoadStrategy: normal, platform: WINDOWS, platformName: WINDOWS, proxy: Proxy(), setWindowRect: true, strictFileInteractability: false, timeouts: {implicit: 0, pageLoad: 300000, script: 30000}, unhandledPromptBehavior: dismiss and notify, webauthn:virtualAuthenticators: true}&#10;Session ID: a4b5250ceb8694cc9135cd900d32881c"/>
  </testcase>
  <testcase name="searchByCustomerEmail" classname="com.kuda.testCases.CustomerInfoManagement" time="0">
    <skipped message="timeout: Timed out receiving message from renderer: 298.492&#10;  (Session info: chrome=86.0.4240.183)&#10;Build info: version: &apos;3.141.59&apos;, revision: &apos;e82be7d358&apos;, time: &apos;2018-11-14T08:17:03&apos;&#10;System info: host: &apos;DESKTOP-D068G7Q&apos;, ip: &apos;192.168.43.200&apos;, os.name: &apos;Windows 10&apos;, os.arch: &apos;amd64&apos;, os.version: &apos;10.0&apos;, java.version: &apos;14.0.2&apos;&#10;Driver info: org.openqa.selenium.chrome.ChromeDriver&#10;Capabilities {acceptInsecureCerts: false, browserName: chrome, browserVersion: 86.0.4240.183, chrome: {chromedriverVersion: 85.0.4183.87 (cd6713ebf92fa..., userDataDir: C:\Users\Gbenga\AppData\Loc...}, goog:chromeOptions: {debuggerAddress: localhost:61236}, javascriptEnabled: true, networkConnectionEnabled: false, pageLoadStrategy: normal, platform: WINDOWS, platformName: WINDOWS, proxy: Proxy(), setWindowRect: true, strictFileInteractability: false, timeouts: {implicit: 0, pageLoad: 300000, script: 30000}, unhandledPromptBehavior: dismiss and notify, webauthn:virtualAuthenticators: true}&#10;Session ID: a4b5250ceb8694cc9135cd900d32881c"/>
  </testcase>
  <testcase name="searchCustomerById" classname="com.kuda.testCases.CustomerInfoManagement" time="0">
    <skipped message="timeout: Timed out receiving message from renderer: 298.492&#10;  (Session info: chrome=86.0.4240.183)&#10;Build info: version: &apos;3.141.59&apos;, revision: &apos;e82be7d358&apos;, time: &apos;2018-11-14T08:17:03&apos;&#10;System info: host: &apos;DESKTOP-D068G7Q&apos;, ip: &apos;192.168.43.200&apos;, os.name: &apos;Windows 10&apos;, os.arch: &apos;amd64&apos;, os.version: &apos;10.0&apos;, java.version: &apos;14.0.2&apos;&#10;Driver info: org.openqa.selenium.chrome.ChromeDriver&#10;Capabilities {acceptInsecureCerts: false, browserName: chrome, browserVersion: 86.0.4240.183, chrome: {chromedriverVersion: 85.0.4183.87 (cd6713ebf92fa..., userDataDir: C:\Users\Gbenga\AppData\Loc...}, goog:chromeOptions: {debuggerAddress: localhost:61236}, javascriptEnabled: true, networkConnectionEnabled: false, pageLoadStrategy: normal, platform: WINDOWS, platformName: WINDOWS, proxy: Proxy(), setWindowRect: true, strictFileInteractability: false, timeouts: {implicit: 0, pageLoad: 300000, script: 30000}, unhandledPromptBehavior: dismiss and notify, webauthn:virtualAuthenticators: true}&#10;Session ID: a4b5250ceb8694cc9135cd900d32881c"/>
  </testcase>
  <testcase name="createCustomer" classname="com.kuda.testCases.CustomerInfoManagement" time="0">
    <skipped message="timeout: Timed out receiving message from renderer: 298.492&#10;  (Session info: chrome=86.0.4240.183)&#10;Build info: version: &apos;3.141.59&apos;, revision: &apos;e82be7d358&apos;, time: &apos;2018-11-14T08:17:03&apos;&#10;System info: host: &apos;DESKTOP-D068G7Q&apos;, ip: &apos;192.168.43.200&apos;, os.name: &apos;Windows 10&apos;, os.arch: &apos;amd64&apos;, os.version: &apos;10.0&apos;, java.version: &apos;14.0.2&apos;&#10;Driver info: org.openqa.selenium.chrome.ChromeDriver&#10;Capabilities {acceptInsecureCerts: false, browserName: chrome, browserVersion: 86.0.4240.183, chrome: {chromedriverVersion: 85.0.4183.87 (cd6713ebf92fa..., userDataDir: C:\Users\Gbenga\AppData\Loc...}, goog:chromeOptions: {debuggerAddress: localhost:61236}, javascriptEnabled: true, networkConnectionEnabled: false, pageLoadStrategy: normal, platform: WINDOWS, platformName: WINDOWS, proxy: Proxy(), setWindowRect: true, strictFileInteractability: false, timeouts: {implicit: 0, pageLoad: 300000, script: 30000}, unhandledPromptBehavior: dismiss and notify, webauthn:virtualAuthenticators: true}&#10;Session ID: a4b5250ceb8694cc9135cd900d32881c"/>
  </testcase>
  <testcase name="tearDown" classname="com.kuda.testCases.CustomerInfoManagement" time="0">
    <skipped/>
  </testcase>
  <testcase name="verifyLocalFundTransfer" classname="com.kuda.postingsMgt.ValidateLocalTransfer" time="69.609"/>
  <testcase name="glToglTransfer" classname="com.kuda.postingsMgt.ValidateSingleJournalTransfer" time="44.548"/>
  <testcase name="viewGLAccounts" classname="com.kuda.testCases.GeneralLedgerManagement" time="62.085"/>
  <testcase name="searchGLByName" classname="com.kuda.testCases.GeneralLedgerManagement" time="12.11"/>
  <testcase name="searchGLByCode" classname="com.kuda.testCases.GeneralLedgerManagement" time="11.624"/>
  <testcase name="viewGLBalance" classname="com.kuda.testCases.GeneralLedgerManagement" time="2.425"/>
  <testcase name="editGeneralLedgerAccount" classname="com.kuda.testCases.GeneralLedgerManagement" time="0"/>
  <testcase name="viewUsers" classname="com.kuda.testCases.UserManagement" time="25.535"/>
  <testcase name="searchUsersByUserName" classname="com.kuda.testCases.UserManagement" time="2.501"/>
  <testcase name="searchUserByDesignation" classname="com.kuda.testCases.UserManagement" time="2.65"/>
  <testcase name="searchUserByPhoneNumber" classname="com.kuda.testCases.UserManagement" time="2.827"/>
  <testcase name="searchUserByEmployeeNumber" classname="com.kuda.testCases.UserManagement" time="3.902"/>
  <testcase name="searchUserByEmail" classname="com.kuda.testCases.UserManagement" time="2.582"/>
  <testcase name="searchUserBylastName" classname="com.kuda.testCases.UserManagement" time="0"/>
  <testcase name="editUser" classname="com.kuda.testCases.UserManagement" time="0"/>
  <testcase name="createUser" classname="com.kuda.testCases.UserManagement" time="0.001"/>
  <testcase name="tearDown" classname="com.kuda.testCases.UserManagement" time="0.022">
    <failure message="unexpected alert open: {Alert text : No Record Found}&#10;  (Session info: chrome=86.0.4240.183): No Record Found&#10;Build info: version: &apos;3.141.59&apos;, revision: &apos;e82be7d358&apos;, time: &apos;2018-11-14T08:17:03&apos;&#10;System info: host: &apos;DESKTOP-D068G7Q&apos;, ip: &apos;192.168.43.200&apos;, os.name: &apos;Windows 10&apos;, os.arch: &apos;amd64&apos;, os.version: &apos;10.0&apos;, java.version: &apos;14.0.2&apos;&#10;Driver info: org.openqa.selenium.chrome.ChromeDriver&#10;Capabilities {acceptInsecureCerts: false, browserName: chrome, browserVersion: 86.0.4240.183, chrome: {chromedriverVersion: 85.0.4183.87 (cd6713ebf92fa..., userDataDir: C:\Users\Gbenga\AppData\Loc...}, goog:chromeOptions: {debuggerAddress: localhost:61711}, javascriptEnabled: true, networkConnectionEnabled: false, pageLoadStrategy: normal, platform: WINDOWS, platformName: WINDOWS, proxy: Proxy(), setWindowRect: true, strictFileInteractability: false, timeouts: {implicit: 0, pageLoad: 300000, script: 30000}, unhandledPromptBehavior: dismiss and notify, webauthn:virtualAuthenticators: true}&#10;Session ID: 02816c1340bcdebdd262baddde5958fd" type="org.openqa.selenium.UnhandledAlertException">org.openqa.selenium.UnhandledAlertException: 
unexpected alert open: {Alert text : No Record Found}
  (Session info: chrome=86.0.4240.183): No Record Found
Build info: version: '3.141.59', revision: 'e82be7d358', time: '2018-11-14T08:17:03'
System info: host: 'DESKTOP-D068G7Q', ip: '192.168.43.200', os.name: 'Windows 10', os.arch: 'amd64', os.version: '10.0', java.version: '14.0.2'
Driver info: org.openqa.selenium.chrome.ChromeDriver
Capabilities {acceptInsecureCerts: false, browserName: chrome, browserVersion: 86.0.4240.183, chrome: {chromedriverVersion: 85.0.4183.87 (cd6713ebf92fa..., userDataDir: C:\Users\Gbenga\AppData\Loc...}, goog:chromeOptions: {debuggerAddress: localhost:61711}, javascriptEnabled: true, networkConnectionEnabled: false, pageLoadStrategy: normal, platform: WINDOWS, platformName: WINDOWS, proxy: Proxy(), setWindowRect: true, strictFileInteractability: false, timeouts: {implicit: 0, pageLoad: 300000, script: 30000}, unhandledPromptBehavior: dismiss and notify, webauthn:virtualAuthenticators: true}
Session ID: 02816c1340bcdebdd262baddde5958fd
</failure>
  </testcase>
</testsuite>