<?xml version="1.0" encoding="UTF-8"?>
<testsuite xmlns:xsi="http://www.w3.org/2001/XMLSchema-instance" xsi:schemaLocation="https://maven.apache.org/surefire/maven-surefire-plugin/xsd/surefire-test-report.xsd" name="TestSuite" time="96.161" tests="44" errors="0" skipped="36" failures="8">
  <properties>
    <property name="java.runtime.name" value="Java(TM) SE Runtime Environment"/>
    <property name="sun.boot.library.path" value="C:\Program Files\Java\jdk1.8.0_261\jre\bin"/>
    <property name="java.vm.version" value="25.261-b12"/>
    <property name="java.vm.vendor" value="Oracle Corporation"/>
    <property name="maven.multiModuleProjectDirectory" value="C:\Nerve_Automation"/>
    <property name="java.vendor.url" value="http://java.oracle.com/"/>
    <property name="path.separator" value=";"/>
    <property name="guice.disable.misplaced.annotation.check" value="true"/>
    <property name="java.vm.name" value="Java HotSpot(TM) 64-Bit Server VM"/>
    <property name="file.encoding.pkg" value="sun.io"/>
    <property name="user.script" value=""/>
    <property name="user.country" value="US"/>
    <property name="sun.java.launcher" value="SUN_STANDARD"/>
    <property name="sun.os.patch.level" value=""/>
    <property name="java.vm.specification.name" value="Java Virtual Machine Specification"/>
    <property name="user.dir" value="C:\Nerve_Automation"/>
    <property name="java.runtime.version" value="1.8.0_261-b12"/>
    <property name="java.awt.graphicsenv" value="sun.awt.Win32GraphicsEnvironment"/>
    <property name="java.endorsed.dirs" value="C:\Program Files\Java\jdk1.8.0_261\jre\lib\endorsed"/>
    <property name="os.arch" value="amd64"/>
    <property name="java.io.tmpdir" value="C:\Users\Gbenga\AppData\Local\Temp\"/>
    <property name="line.separator" value="&#10;"/>
    <property name="java.vm.specification.vendor" value="Oracle Corporation"/>
    <property name="user.variant" value=""/>
    <property name="os.name" value="Windows 10"/>
    <property name="classworlds.conf" value="C:\apache-maven-3.6.3\bin\..\bin\m2.conf"/>
    <property name="sun.jnu.encoding" value="Cp1252"/>
    <property name="java.library.path" value="C:\Program Files\Java\jdk1.8.0_261\bin;C:\WINDOWS\Sun\Java\bin;C:\WINDOWS\system32;C:\WINDOWS;C:\Program Files (x86)\Common Files\Oracle\Java\javapath;C:\WINDOWS\system32;C:\WINDOWS;C:\WINDOWS\System32\Wbem;C:\WINDOWS\System32\WindowsPowerShell\v1.0\;C:\WINDOWS\System32\OpenSSH\;C:\Program Files\Java\jdk1.8.0_261\bin;C:\apache-maven-3.6.3\bin;C:\Program Files\Git\cmd;C:\Users\Gbenga\AppData\Local\Microsoft\WindowsApps;;."/>
    <property name="maven.conf" value="C:\apache-maven-3.6.3\bin\../conf"/>
    <property name="java.specification.name" value="Java Platform API Specification"/>
    <property name="java.class.version" value="52.0"/>
    <property name="sun.management.compiler" value="HotSpot 64-Bit Tiered Compilers"/>
    <property name="os.version" value="10.0"/>
    <property name="library.jansi.path" value="C:\apache-maven-3.6.3\bin\..\lib\jansi-native"/>
    <property name="user.home" value="C:\Users\Gbenga"/>
    <property name="user.timezone" value="America/Los_Angeles"/>
    <property name="java.awt.printerjob" value="sun.awt.windows.WPrinterJob"/>
    <property name="java.specification.version" value="1.8"/>
    <property name="file.encoding" value="Cp1252"/>
    <property name="user.name" value="Gbenga"/>
    <property name="java.class.path" value="C:\apache-maven-3.6.3\bin\..\boot\plexus-classworlds-2.6.0.jar"/>
    <property name="java.vm.specification.version" value="1.8"/>
    <property name="sun.arch.data.model" value="64"/>
    <property name="java.home" value="C:\Program Files\Java\jdk1.8.0_261\jre"/>
    <property name="sun.java.command" value="org.codehaus.plexus.classworlds.launcher.Launcher clean test"/>
    <property name="java.specification.vendor" value="Oracle Corporation"/>
    <property name="user.language" value="en"/>
    <property name="awt.toolkit" value="sun.awt.windows.WToolkit"/>
    <property name="java.vm.info" value="mixed mode"/>
    <property name="java.version" value="1.8.0_261"/>
    <property name="java.ext.dirs" value="C:\Program Files\Java\jdk1.8.0_261\jre\lib\ext;C:\WINDOWS\Sun\Java\lib\ext"/>
    <property name="sun.boot.class.path" value="C:\Program Files\Java\jdk1.8.0_261\jre\lib\resources.jar;C:\Program Files\Java\jdk1.8.0_261\jre\lib\rt.jar;C:\Program Files\Java\jdk1.8.0_261\jre\lib\sunrsasign.jar;C:\Program Files\Java\jdk1.8.0_261\jre\lib\jsse.jar;C:\Program Files\Java\jdk1.8.0_261\jre\lib\jce.jar;C:\Program Files\Java\jdk1.8.0_261\jre\lib\charsets.jar;C:\Program Files\Java\jdk1.8.0_261\jre\lib\jfr.jar;C:\Program Files\Java\jdk1.8.0_261\jre\classes"/>
    <property name="sun.stderr.encoding" value="cp437"/>
    <property name="java.vendor" value="Oracle Corporation"/>
    <property name="maven.home" value="C:\apache-maven-3.6.3\bin\.."/>
    <property name="file.separator" value="\"/>
    <property name="java.vendor.url.bug" value="http://bugreport.sun.com/bugreport/"/>
    <property name="sun.cpu.endian" value="little"/>
    <property name="sun.io.unicode.encoding" value="UnicodeLittle"/>
    <property name="sun.stdout.encoding" value="cp437"/>
    <property name="sun.desktop" value="windows"/>
    <property name="sun.cpu.isalist" value="amd64"/>
  </properties>
  <testcase name="setUp" classname="com.kuda.testCases.ValidateLogin" time="4.688">
    <failure message="unknown error: net::ERR_NAME_NOT_RESOLVED&#10;  (Session info: chrome=85.0.4183.121)&#10;Build info: version: &apos;3.141.59&apos;, revision: &apos;e82be7d358&apos;, time: &apos;2018-11-14T08:17:03&apos;&#10;System info: host: &apos;DESKTOP-D068G7Q&apos;, ip: &apos;192.168.43.200&apos;, os.name: &apos;Windows 10&apos;, os.arch: &apos;amd64&apos;, os.version: &apos;10.0&apos;, java.version: &apos;1.8.0_261&apos;&#10;Driver info: org.openqa.selenium.chrome.ChromeDriver&#10;Capabilities {acceptInsecureCerts: false, browserName: chrome, browserVersion: 85.0.4183.121, chrome: {chromedriverVersion: 85.0.4183.87 (cd6713ebf92fa..., userDataDir: C:\Users\Gbenga\AppData\Loc...}, goog:chromeOptions: {debuggerAddress: localhost:53358}, javascriptEnabled: true, networkConnectionEnabled: false, pageLoadStrategy: normal, platform: WINDOWS, platformName: WINDOWS, proxy: Proxy(), setWindowRect: true, strictFileInteractability: false, timeouts: {implicit: 0, pageLoad: 300000, script: 30000}, unhandledPromptBehavior: dismiss and notify, webauthn:virtualAuthenticators: true}&#10;Session ID: 526c460c4a4da27d90a83a6489b8865c" type="org.openqa.selenium.WebDriverException">org.openqa.selenium.WebDriverException: 
unknown error: net::ERR_NAME_NOT_RESOLVED
  (Session info: chrome=85.0.4183.121)
Build info: version: '3.141.59', revision: 'e82be7d358', time: '2018-11-14T08:17:03'
System info: host: 'DESKTOP-D068G7Q', ip: '192.168.43.200', os.name: 'Windows 10', os.arch: 'amd64', os.version: '10.0', java.version: '1.8.0_261'
Driver info: org.openqa.selenium.chrome.ChromeDriver
Capabilities {acceptInsecureCerts: false, browserName: chrome, browserVersion: 85.0.4183.121, chrome: {chromedriverVersion: 85.0.4183.87 (cd6713ebf92fa..., userDataDir: C:\Users\Gbenga\AppData\Loc...}, goog:chromeOptions: {debuggerAddress: localhost:53358}, javascriptEnabled: true, networkConnectionEnabled: false, pageLoadStrategy: normal, platform: WINDOWS, platformName: WINDOWS, proxy: Proxy(), setWindowRect: true, strictFileInteractability: false, timeouts: {implicit: 0, pageLoad: 300000, script: 30000}, unhandledPromptBehavior: dismiss and notify, webauthn:virtualAuthenticators: true}
Session ID: 526c460c4a4da27d90a83a6489b8865c
</failure>
    <system-err><![CDATA[Starting ChromeDriver 85.0.4183.87 (cd6713ebf92fa1cacc0f1a598df280093af0c5d7-refs/branch-heads/4183@{#1689}) on port 35343
Only local connections are allowed.
Please see https://chromedriver.chromium.org/security-considerations for suggestions on keeping ChromeDriver safe.
ChromeDriver was started successfully.
Oct 08, 2020 5:44:26 AM org.openqa.selenium.remote.ProtocolHandshake createSession
INFO: Detected dialect: W3C
]]></system-err>
  </testcase>
  <testcase name="googleSign" classname="com.kuda.testCases.ValidateLogin" time="0">
    <skipped message="unknown error: net::ERR_NAME_NOT_RESOLVED&#10;  (Session info: chrome=85.0.4183.121)&#10;Build info: version: &apos;3.141.59&apos;, revision: &apos;e82be7d358&apos;, time: &apos;2018-11-14T08:17:03&apos;&#10;System info: host: &apos;DESKTOP-D068G7Q&apos;, ip: &apos;192.168.43.200&apos;, os.name: &apos;Windows 10&apos;, os.arch: &apos;amd64&apos;, os.version: &apos;10.0&apos;, java.version: &apos;1.8.0_261&apos;&#10;Driver info: org.openqa.selenium.chrome.ChromeDriver&#10;Capabilities {acceptInsecureCerts: false, browserName: chrome, browserVersion: 85.0.4183.121, chrome: {chromedriverVersion: 85.0.4183.87 (cd6713ebf92fa..., userDataDir: C:\Users\Gbenga\AppData\Loc...}, goog:chromeOptions: {debuggerAddress: localhost:53358}, javascriptEnabled: true, networkConnectionEnabled: false, pageLoadStrategy: normal, platform: WINDOWS, platformName: WINDOWS, proxy: Proxy(), setWindowRect: true, strictFileInteractability: false, timeouts: {implicit: 0, pageLoad: 300000, script: 30000}, unhandledPromptBehavior: dismiss and notify, webauthn:virtualAuthenticators: true}&#10;Session ID: 526c460c4a4da27d90a83a6489b8865c"/>
  </testcase>
  <testcase name="tearDown" classname="com.kuda.testCases.ValidateLogin" time="0">
    <skipped/>
  </testcase>
  <testcase name="setUp" classname="com.kuda.testCases.BranchManagement" time="3.384">
    <failure message="unknown error: net::ERR_NAME_NOT_RESOLVED&#10;  (Session info: chrome=85.0.4183.121)&#10;Build info: version: &apos;3.141.59&apos;, revision: &apos;e82be7d358&apos;, time: &apos;2018-11-14T08:17:03&apos;&#10;System info: host: &apos;DESKTOP-D068G7Q&apos;, ip: &apos;192.168.43.200&apos;, os.name: &apos;Windows 10&apos;, os.arch: &apos;amd64&apos;, os.version: &apos;10.0&apos;, java.version: &apos;1.8.0_261&apos;&#10;Driver info: org.openqa.selenium.chrome.ChromeDriver&#10;Capabilities {acceptInsecureCerts: false, browserName: chrome, browserVersion: 85.0.4183.121, chrome: {chromedriverVersion: 85.0.4183.87 (cd6713ebf92fa..., userDataDir: C:\Users\Gbenga\AppData\Loc...}, goog:chromeOptions: {debuggerAddress: localhost:53378}, javascriptEnabled: true, networkConnectionEnabled: false, pageLoadStrategy: normal, platform: WINDOWS, platformName: WINDOWS, proxy: Proxy(), setWindowRect: true, strictFileInteractability: false, timeouts: {implicit: 0, pageLoad: 300000, script: 30000}, unhandledPromptBehavior: dismiss and notify, webauthn:virtualAuthenticators: true}&#10;Session ID: 95954b1f9b109a63b268eaa54fa7187f" type="org.openqa.selenium.WebDriverException">org.openqa.selenium.WebDriverException: 
unknown error: net::ERR_NAME_NOT_RESOLVED
  (Session info: chrome=85.0.4183.121)
Build info: version: '3.141.59', revision: 'e82be7d358', time: '2018-11-14T08:17:03'
System info: host: 'DESKTOP-D068G7Q', ip: '192.168.43.200', os.name: 'Windows 10', os.arch: 'amd64', os.version: '10.0', java.version: '1.8.0_261'
Driver info: org.openqa.selenium.chrome.ChromeDriver
Capabilities {acceptInsecureCerts: false, browserName: chrome, browserVersion: 85.0.4183.121, chrome: {chromedriverVersion: 85.0.4183.87 (cd6713ebf92fa..., userDataDir: C:\Users\Gbenga\AppData\Loc...}, goog:chromeOptions: {debuggerAddress: localhost:53378}, javascriptEnabled: true, networkConnectionEnabled: false, pageLoadStrategy: normal, platform: WINDOWS, platformName: WINDOWS, proxy: Proxy(), setWindowRect: true, strictFileInteractability: false, timeouts: {implicit: 0, pageLoad: 300000, script: 30000}, unhandledPromptBehavior: dismiss and notify, webauthn:virtualAuthenticators: true}
Session ID: 95954b1f9b109a63b268eaa54fa7187f
</failure>
    <system-err><![CDATA[Starting ChromeDriver 85.0.4183.87 (cd6713ebf92fa1cacc0f1a598df280093af0c5d7-refs/branch-heads/4183@{#1689}) on port 42731
Only local connections are allowed.
Please see https://chromedriver.chromium.org/security-considerations for suggestions on keeping ChromeDriver safe.
ChromeDriver was started successfully.
Oct 08, 2020 5:44:29 AM org.openqa.selenium.remote.ProtocolHandshake createSession
INFO: Detected dialect: W3C
]]></system-err>
  </testcase>
  <testcase name="viewBranches" classname="com.kuda.testCases.BranchManagement" time="0">
    <skipped message="unknown error: net::ERR_NAME_NOT_RESOLVED&#10;  (Session info: chrome=85.0.4183.121)&#10;Build info: version: &apos;3.141.59&apos;, revision: &apos;e82be7d358&apos;, time: &apos;2018-11-14T08:17:03&apos;&#10;System info: host: &apos;DESKTOP-D068G7Q&apos;, ip: &apos;192.168.43.200&apos;, os.name: &apos;Windows 10&apos;, os.arch: &apos;amd64&apos;, os.version: &apos;10.0&apos;, java.version: &apos;1.8.0_261&apos;&#10;Driver info: org.openqa.selenium.chrome.ChromeDriver&#10;Capabilities {acceptInsecureCerts: false, browserName: chrome, browserVersion: 85.0.4183.121, chrome: {chromedriverVersion: 85.0.4183.87 (cd6713ebf92fa..., userDataDir: C:\Users\Gbenga\AppData\Loc...}, goog:chromeOptions: {debuggerAddress: localhost:53378}, javascriptEnabled: true, networkConnectionEnabled: false, pageLoadStrategy: normal, platform: WINDOWS, platformName: WINDOWS, proxy: Proxy(), setWindowRect: true, strictFileInteractability: false, timeouts: {implicit: 0, pageLoad: 300000, script: 30000}, unhandledPromptBehavior: dismiss and notify, webauthn:virtualAuthenticators: true}&#10;Session ID: 95954b1f9b109a63b268eaa54fa7187f"/>
  </testcase>
  <testcase name="tearDown" classname="com.kuda.testCases.BranchManagement" time="0">
    <skipped/>
  </testcase>
  <testcase name="setUp" classname="com.kuda.testCases.CustomerAccountManagement" time="40.414">
    <failure message="chrome not reachable&#10;  (Session info: chrome=85.0.4183.121)&#10;Build info: version: &apos;3.141.59&apos;, revision: &apos;e82be7d358&apos;, time: &apos;2018-11-14T08:17:03&apos;&#10;System info: host: &apos;DESKTOP-D068G7Q&apos;, ip: &apos;192.168.43.200&apos;, os.name: &apos;Windows 10&apos;, os.arch: &apos;amd64&apos;, os.version: &apos;10.0&apos;, java.version: &apos;1.8.0_261&apos;&#10;Driver info: org.openqa.selenium.chrome.ChromeDriver&#10;Capabilities {acceptInsecureCerts: false, browserName: chrome, browserVersion: 85.0.4183.121, chrome: {chromedriverVersion: 85.0.4183.87 (cd6713ebf92fa..., userDataDir: C:\Users\Gbenga\AppData\Loc...}, goog:chromeOptions: {debuggerAddress: localhost:53389}, javascriptEnabled: true, networkConnectionEnabled: false, pageLoadStrategy: normal, platform: WINDOWS, platformName: WINDOWS, proxy: Proxy(), setWindowRect: true, strictFileInteractability: false, timeouts: {implicit: 0, pageLoad: 300000, script: 30000}, unhandledPromptBehavior: dismiss and notify, webauthn:virtualAuthenticators: true}&#10;Session ID: 689b0ab75c27a46d8779f8f9da91b221" type="org.openqa.selenium.WebDriverException">org.openqa.selenium.WebDriverException: 
chrome not reachable
  (Session info: chrome=85.0.4183.121)
Build info: version: '3.141.59', revision: 'e82be7d358', time: '2018-11-14T08:17:03'
System info: host: 'DESKTOP-D068G7Q', ip: '192.168.43.200', os.name: 'Windows 10', os.arch: 'amd64', os.version: '10.0', java.version: '1.8.0_261'
Driver info: org.openqa.selenium.chrome.ChromeDriver
Capabilities {acceptInsecureCerts: false, browserName: chrome, browserVersion: 85.0.4183.121, chrome: {chromedriverVersion: 85.0.4183.87 (cd6713ebf92fa..., userDataDir: C:\Users\Gbenga\AppData\Loc...}, goog:chromeOptions: {debuggerAddress: localhost:53389}, javascriptEnabled: true, networkConnectionEnabled: false, pageLoadStrategy: normal, platform: WINDOWS, platformName: WINDOWS, proxy: Proxy(), setWindowRect: true, strictFileInteractability: false, timeouts: {implicit: 0, pageLoad: 300000, script: 30000}, unhandledPromptBehavior: dismiss and notify, webauthn:virtualAuthenticators: true}
Session ID: 689b0ab75c27a46d8779f8f9da91b221
</failure>
    <system-err><![CDATA[Starting ChromeDriver 85.0.4183.87 (cd6713ebf92fa1cacc0f1a598df280093af0c5d7-refs/branch-heads/4183@{#1689}) on port 13777
Only local connections are allowed.
Please see https://chromedriver.chromium.org/security-considerations for suggestions on keeping ChromeDriver safe.
ChromeDriver was started successfully.
Oct 08, 2020 5:44:33 AM org.openqa.selenium.remote.ProtocolHandshake createSession
INFO: Detected dialect: W3C
[1602161082.505][WARNING]: Timed out connecting to Chrome, retrying...
[1602161090.516][WARNING]: Timed out connecting to Chrome, retrying...
[1602161102.543][WARNING]: Timed out connecting to Chrome, retrying...
]]></system-err>
  </testcase>
  <testcase name="viewCASAccount" classname="com.kuda.testCases.CustomerAccountManagement" time="0">
    <skipped message="chrome not reachable&#10;  (Session info: chrome=85.0.4183.121)&#10;Build info: version: &apos;3.141.59&apos;, revision: &apos;e82be7d358&apos;, time: &apos;2018-11-14T08:17:03&apos;&#10;System info: host: &apos;DESKTOP-D068G7Q&apos;, ip: &apos;192.168.43.200&apos;, os.name: &apos;Windows 10&apos;, os.arch: &apos;amd64&apos;, os.version: &apos;10.0&apos;, java.version: &apos;1.8.0_261&apos;&#10;Driver info: org.openqa.selenium.chrome.ChromeDriver&#10;Capabilities {acceptInsecureCerts: false, browserName: chrome, browserVersion: 85.0.4183.121, chrome: {chromedriverVersion: 85.0.4183.87 (cd6713ebf92fa..., userDataDir: C:\Users\Gbenga\AppData\Loc...}, goog:chromeOptions: {debuggerAddress: localhost:53389}, javascriptEnabled: true, networkConnectionEnabled: false, pageLoadStrategy: normal, platform: WINDOWS, platformName: WINDOWS, proxy: Proxy(), setWindowRect: true, strictFileInteractability: false, timeouts: {implicit: 0, pageLoad: 300000, script: 30000}, unhandledPromptBehavior: dismiss and notify, webauthn:virtualAuthenticators: true}&#10;Session ID: 689b0ab75c27a46d8779f8f9da91b221"/>
  </testcase>
  <testcase name="searchByAccountName" classname="com.kuda.testCases.CustomerAccountManagement" time="0">
    <skipped message="chrome not reachable&#10;  (Session info: chrome=85.0.4183.121)&#10;Build info: version: &apos;3.141.59&apos;, revision: &apos;e82be7d358&apos;, time: &apos;2018-11-14T08:17:03&apos;&#10;System info: host: &apos;DESKTOP-D068G7Q&apos;, ip: &apos;192.168.43.200&apos;, os.name: &apos;Windows 10&apos;, os.arch: &apos;amd64&apos;, os.version: &apos;10.0&apos;, java.version: &apos;1.8.0_261&apos;&#10;Driver info: org.openqa.selenium.chrome.ChromeDriver&#10;Capabilities {acceptInsecureCerts: false, browserName: chrome, browserVersion: 85.0.4183.121, chrome: {chromedriverVersion: 85.0.4183.87 (cd6713ebf92fa..., userDataDir: C:\Users\Gbenga\AppData\Loc...}, goog:chromeOptions: {debuggerAddress: localhost:53389}, javascriptEnabled: true, networkConnectionEnabled: false, pageLoadStrategy: normal, platform: WINDOWS, platformName: WINDOWS, proxy: Proxy(), setWindowRect: true, strictFileInteractability: false, timeouts: {implicit: 0, pageLoad: 300000, script: 30000}, unhandledPromptBehavior: dismiss and notify, webauthn:virtualAuthenticators: true}&#10;Session ID: 689b0ab75c27a46d8779f8f9da91b221"/>
  </testcase>
  <testcase name="searchByAccountNumber" classname="com.kuda.testCases.CustomerAccountManagement" time="0">
    <skipped message="chrome not reachable&#10;  (Session info: chrome=85.0.4183.121)&#10;Build info: version: &apos;3.141.59&apos;, revision: &apos;e82be7d358&apos;, time: &apos;2018-11-14T08:17:03&apos;&#10;System info: host: &apos;DESKTOP-D068G7Q&apos;, ip: &apos;192.168.43.200&apos;, os.name: &apos;Windows 10&apos;, os.arch: &apos;amd64&apos;, os.version: &apos;10.0&apos;, java.version: &apos;1.8.0_261&apos;&#10;Driver info: org.openqa.selenium.chrome.ChromeDriver&#10;Capabilities {acceptInsecureCerts: false, browserName: chrome, browserVersion: 85.0.4183.121, chrome: {chromedriverVersion: 85.0.4183.87 (cd6713ebf92fa..., userDataDir: C:\Users\Gbenga\AppData\Loc...}, goog:chromeOptions: {debuggerAddress: localhost:53389}, javascriptEnabled: true, networkConnectionEnabled: false, pageLoadStrategy: normal, platform: WINDOWS, platformName: WINDOWS, proxy: Proxy(), setWindowRect: true, strictFileInteractability: false, timeouts: {implicit: 0, pageLoad: 300000, script: 30000}, unhandledPromptBehavior: dismiss and notify, webauthn:virtualAuthenticators: true}&#10;Session ID: 689b0ab75c27a46d8779f8f9da91b221"/>
  </testcase>
  <testcase name="searchByAccountEmail" classname="com.kuda.testCases.CustomerAccountManagement" time="0">
    <skipped message="chrome not reachable&#10;  (Session info: chrome=85.0.4183.121)&#10;Build info: version: &apos;3.141.59&apos;, revision: &apos;e82be7d358&apos;, time: &apos;2018-11-14T08:17:03&apos;&#10;System info: host: &apos;DESKTOP-D068G7Q&apos;, ip: &apos;192.168.43.200&apos;, os.name: &apos;Windows 10&apos;, os.arch: &apos;amd64&apos;, os.version: &apos;10.0&apos;, java.version: &apos;1.8.0_261&apos;&#10;Driver info: org.openqa.selenium.chrome.ChromeDriver&#10;Capabilities {acceptInsecureCerts: false, browserName: chrome, browserVersion: 85.0.4183.121, chrome: {chromedriverVersion: 85.0.4183.87 (cd6713ebf92fa..., userDataDir: C:\Users\Gbenga\AppData\Loc...}, goog:chromeOptions: {debuggerAddress: localhost:53389}, javascriptEnabled: true, networkConnectionEnabled: false, pageLoadStrategy: normal, platform: WINDOWS, platformName: WINDOWS, proxy: Proxy(), setWindowRect: true, strictFileInteractability: false, timeouts: {implicit: 0, pageLoad: 300000, script: 30000}, unhandledPromptBehavior: dismiss and notify, webauthn:virtualAuthenticators: true}&#10;Session ID: 689b0ab75c27a46d8779f8f9da91b221"/>
  </testcase>
  <testcase name="viewAccountBalance" classname="com.kuda.testCases.CustomerAccountManagement" time="0">
    <skipped message="chrome not reachable&#10;  (Session info: chrome=85.0.4183.121)&#10;Build info: version: &apos;3.141.59&apos;, revision: &apos;e82be7d358&apos;, time: &apos;2018-11-14T08:17:03&apos;&#10;System info: host: &apos;DESKTOP-D068G7Q&apos;, ip: &apos;192.168.43.200&apos;, os.name: &apos;Windows 10&apos;, os.arch: &apos;amd64&apos;, os.version: &apos;10.0&apos;, java.version: &apos;1.8.0_261&apos;&#10;Driver info: org.openqa.selenium.chrome.ChromeDriver&#10;Capabilities {acceptInsecureCerts: false, browserName: chrome, browserVersion: 85.0.4183.121, chrome: {chromedriverVersion: 85.0.4183.87 (cd6713ebf92fa..., userDataDir: C:\Users\Gbenga\AppData\Loc...}, goog:chromeOptions: {debuggerAddress: localhost:53389}, javascriptEnabled: true, networkConnectionEnabled: false, pageLoadStrategy: normal, platform: WINDOWS, platformName: WINDOWS, proxy: Proxy(), setWindowRect: true, strictFileInteractability: false, timeouts: {implicit: 0, pageLoad: 300000, script: 30000}, unhandledPromptBehavior: dismiss and notify, webauthn:virtualAuthenticators: true}&#10;Session ID: 689b0ab75c27a46d8779f8f9da91b221"/>
  </testcase>
  <testcase name="editCustomerAccount" classname="com.kuda.testCases.CustomerAccountManagement" time="0">
    <skipped message="chrome not reachable&#10;  (Session info: chrome=85.0.4183.121)&#10;Build info: version: &apos;3.141.59&apos;, revision: &apos;e82be7d358&apos;, time: &apos;2018-11-14T08:17:03&apos;&#10;System info: host: &apos;DESKTOP-D068G7Q&apos;, ip: &apos;192.168.43.200&apos;, os.name: &apos;Windows 10&apos;, os.arch: &apos;amd64&apos;, os.version: &apos;10.0&apos;, java.version: &apos;1.8.0_261&apos;&#10;Driver info: org.openqa.selenium.chrome.ChromeDriver&#10;Capabilities {acceptInsecureCerts: false, browserName: chrome, browserVersion: 85.0.4183.121, chrome: {chromedriverVersion: 85.0.4183.87 (cd6713ebf92fa..., userDataDir: C:\Users\Gbenga\AppData\Loc...}, goog:chromeOptions: {debuggerAddress: localhost:53389}, javascriptEnabled: true, networkConnectionEnabled: false, pageLoadStrategy: normal, platform: WINDOWS, platformName: WINDOWS, proxy: Proxy(), setWindowRect: true, strictFileInteractability: false, timeouts: {implicit: 0, pageLoad: 300000, script: 30000}, unhandledPromptBehavior: dismiss and notify, webauthn:virtualAuthenticators: true}&#10;Session ID: 689b0ab75c27a46d8779f8f9da91b221"/>
  </testcase>
  <testcase name="createCustomerAccount" classname="com.kuda.testCases.CustomerAccountManagement" time="0">
    <skipped message="chrome not reachable&#10;  (Session info: chrome=85.0.4183.121)&#10;Build info: version: &apos;3.141.59&apos;, revision: &apos;e82be7d358&apos;, time: &apos;2018-11-14T08:17:03&apos;&#10;System info: host: &apos;DESKTOP-D068G7Q&apos;, ip: &apos;192.168.43.200&apos;, os.name: &apos;Windows 10&apos;, os.arch: &apos;amd64&apos;, os.version: &apos;10.0&apos;, java.version: &apos;1.8.0_261&apos;&#10;Driver info: org.openqa.selenium.chrome.ChromeDriver&#10;Capabilities {acceptInsecureCerts: false, browserName: chrome, browserVersion: 85.0.4183.121, chrome: {chromedriverVersion: 85.0.4183.87 (cd6713ebf92fa..., userDataDir: C:\Users\Gbenga\AppData\Loc...}, goog:chromeOptions: {debuggerAddress: localhost:53389}, javascriptEnabled: true, networkConnectionEnabled: false, pageLoadStrategy: normal, platform: WINDOWS, platformName: WINDOWS, proxy: Proxy(), setWindowRect: true, strictFileInteractability: false, timeouts: {implicit: 0, pageLoad: 300000, script: 30000}, unhandledPromptBehavior: dismiss and notify, webauthn:virtualAuthenticators: true}&#10;Session ID: 689b0ab75c27a46d8779f8f9da91b221"/>
  </testcase>
  <testcase name="tearDown" classname="com.kuda.testCases.CustomerAccountManagement" time="0">
    <skipped/>
  </testcase>
  <testcase name="setUp" classname="com.kuda.testCases.CustomerInfoManagement" time="3.243">
    <failure message="session not created&#10;from disconnected: received Inspector.detached event&#10;  (Session info: chrome=85.0.4183.121)&#10;Build info: version: &apos;3.141.59&apos;, revision: &apos;e82be7d358&apos;, time: &apos;2018-11-14T08:17:03&apos;&#10;System info: host: &apos;DESKTOP-D068G7Q&apos;, ip: &apos;192.168.43.200&apos;, os.name: &apos;Windows 10&apos;, os.arch: &apos;amd64&apos;, os.version: &apos;10.0&apos;, java.version: &apos;1.8.0_261&apos;&#10;Driver info: driver.version: ChromeDriver&#10;remote stacktrace: Backtrace:&#10;	Ordinal0 [0x00BAD383+3134339]&#10;	Ordinal0 [0x00A9A171+2007409]&#10;	Ordinal0 [0x0093AEE8+569064]&#10;	Ordinal0 [0x0092FCDD+523485]&#10;	Ordinal0 [0x0092F9E9+522729]&#10;	Ordinal0 [0x0092F0FA+520442]&#10;	Ordinal0 [0x0092E542+517442]&#10;	Ordinal0 [0x0092E935+518453]&#10;	Ordinal0 [0x0092E265+516709]&#10;	Ordinal0 [0x00933C7C+539772]&#10;	Ordinal0 [0x0092E214+516628]&#10;	Ordinal0 [0x0092EF25+519973]&#10;	Ordinal0 [0x0092E542+517442]&#10;	Ordinal0 [0x0092E935+518453]&#10;	Ordinal0 [0x0092E265+516709]&#10;	Ordinal0 [0x00932F37+536375]&#10;	Ordinal0 [0x0092E214+516628]&#10;	Ordinal0 [0x0092EF25+519973]&#10;	Ordinal0 [0x0092E542+517442]&#10;	Ordinal0 [0x0092E935+518453]&#10;	Ordinal0 [0x0092E265+516709]&#10;	Ordinal0 [0x0092AB7C+502652]&#10;	Ordinal0 [0x0092E214+516628]&#10;	Ordinal0 [0x0092DF81+515969]&#10;	Ordinal0 [0x0093BF70+573296]&#10;	Ordinal0 [0x008E1916+203030]&#10;	Ordinal0 [0x008E0C1D+199709]&#10;	Ordinal0 [0x008DEB0B+191243]&#10;	Ordinal0 [0x008C2E77+77431]&#10;	Ordinal0 [0x008C3E3E+81470]&#10;	Ordinal0 [0x008C3DC9+81353]&#10;	Ordinal0 [0x00AB0CD9+2100441]&#10;	GetHandleVerifier [0x00D1B75A+1396954]&#10;	GetHandleVerifier [0x00D1B3D9+1396057]&#10;	GetHandleVerifier [0x00D27126+1444518]&#10;	GetHandleVerifier [0x00D1BCE8+1398376]&#10;	Ordinal0 [0x00AA7F51+2064209]&#10;	Ordinal0 [0x00AB22EB+2106091]&#10;	Ordinal0 [0x00AB2411+2106385]&#10;	Ordinal0 [0x00AC49C4+2181572]&#10;	BaseThreadInitThunk [0x77A96359+25]&#10;	RtlGetAppContainerNamedObjectPath [0x77DD7C24+228]&#10;	RtlGetAppContainerNamedObjectPath [0x77DD7BF4+180]&#10;" type="org.openqa.selenium.SessionNotCreatedException">org.openqa.selenium.SessionNotCreatedException: 
session not created
from disconnected: received Inspector.detached event
  (Session info: chrome=85.0.4183.121)
Build info: version: '3.141.59', revision: 'e82be7d358', time: '2018-11-14T08:17:03'
System info: host: 'DESKTOP-D068G7Q', ip: '192.168.43.200', os.name: 'Windows 10', os.arch: 'amd64', os.version: '10.0', java.version: '1.8.0_261'
Driver info: driver.version: ChromeDriver
remote stacktrace: Backtrace:
	Ordinal0 [0x00BAD383+3134339]
	Ordinal0 [0x00A9A171+2007409]
	Ordinal0 [0x0093AEE8+569064]
	Ordinal0 [0x0092FCDD+523485]
	Ordinal0 [0x0092F9E9+522729]
	Ordinal0 [0x0092F0FA+520442]
	Ordinal0 [0x0092E542+517442]
	Ordinal0 [0x0092E935+518453]
	Ordinal0 [0x0092E265+516709]
	Ordinal0 [0x00933C7C+539772]
	Ordinal0 [0x0092E214+516628]
	Ordinal0 [0x0092EF25+519973]
	Ordinal0 [0x0092E542+517442]
	Ordinal0 [0x0092E935+518453]
	Ordinal0 [0x0092E265+516709]
	Ordinal0 [0x00932F37+536375]
	Ordinal0 [0x0092E214+516628]
	Ordinal0 [0x0092EF25+519973]
	Ordinal0 [0x0092E542+517442]
	Ordinal0 [0x0092E935+518453]
	Ordinal0 [0x0092E265+516709]
	Ordinal0 [0x0092AB7C+502652]
	Ordinal0 [0x0092E214+516628]
	Ordinal0 [0x0092DF81+515969]
	Ordinal0 [0x0093BF70+573296]
	Ordinal0 [0x008E1916+203030]
	Ordinal0 [0x008E0C1D+199709]
	Ordinal0 [0x008DEB0B+191243]
	Ordinal0 [0x008C2E77+77431]
	Ordinal0 [0x008C3E3E+81470]
	Ordinal0 [0x008C3DC9+81353]
	Ordinal0 [0x00AB0CD9+2100441]
	GetHandleVerifier [0x00D1B75A+1396954]
	GetHandleVerifier [0x00D1B3D9+1396057]
	GetHandleVerifier [0x00D27126+1444518]
	GetHandleVerifier [0x00D1BCE8+1398376]
	Ordinal0 [0x00AA7F51+2064209]
	Ordinal0 [0x00AB22EB+2106091]
	Ordinal0 [0x00AB2411+2106385]
	Ordinal0 [0x00AC49C4+2181572]
	BaseThreadInitThunk [0x77A96359+25]
	RtlGetAppContainerNamedObjectPath [0x77DD7C24+228]
	RtlGetAppContainerNamedObjectPath [0x77DD7BF4+180]

</failure>
    <system-err><![CDATA[Starting ChromeDriver 85.0.4183.87 (cd6713ebf92fa1cacc0f1a598df280093af0c5d7-refs/branch-heads/4183@{#1689}) on port 15907
Only local connections are allowed.
Please see https://chromedriver.chromium.org/security-considerations for suggestions on keeping ChromeDriver safe.
ChromeDriver was started successfully.
]]></system-err>
  </testcase>
  <testcase name="viewCustomers" classname="com.kuda.testCases.CustomerInfoManagement" time="0">
    <skipped message="session not created&#10;from disconnected: received Inspector.detached event&#10;  (Session info: chrome=85.0.4183.121)&#10;Build info: version: &apos;3.141.59&apos;, revision: &apos;e82be7d358&apos;, time: &apos;2018-11-14T08:17:03&apos;&#10;System info: host: &apos;DESKTOP-D068G7Q&apos;, ip: &apos;192.168.43.200&apos;, os.name: &apos;Windows 10&apos;, os.arch: &apos;amd64&apos;, os.version: &apos;10.0&apos;, java.version: &apos;1.8.0_261&apos;&#10;Driver info: driver.version: ChromeDriver&#10;remote stacktrace: Backtrace:&#10;	Ordinal0 [0x00BAD383+3134339]&#10;	Ordinal0 [0x00A9A171+2007409]&#10;	Ordinal0 [0x0093AEE8+569064]&#10;	Ordinal0 [0x0092FCDD+523485]&#10;	Ordinal0 [0x0092F9E9+522729]&#10;	Ordinal0 [0x0092F0FA+520442]&#10;	Ordinal0 [0x0092E542+517442]&#10;	Ordinal0 [0x0092E935+518453]&#10;	Ordinal0 [0x0092E265+516709]&#10;	Ordinal0 [0x00933C7C+539772]&#10;	Ordinal0 [0x0092E214+516628]&#10;	Ordinal0 [0x0092EF25+519973]&#10;	Ordinal0 [0x0092E542+517442]&#10;	Ordinal0 [0x0092E935+518453]&#10;	Ordinal0 [0x0092E265+516709]&#10;	Ordinal0 [0x00932F37+536375]&#10;	Ordinal0 [0x0092E214+516628]&#10;	Ordinal0 [0x0092EF25+519973]&#10;	Ordinal0 [0x0092E542+517442]&#10;	Ordinal0 [0x0092E935+518453]&#10;	Ordinal0 [0x0092E265+516709]&#10;	Ordinal0 [0x0092AB7C+502652]&#10;	Ordinal0 [0x0092E214+516628]&#10;	Ordinal0 [0x0092DF81+515969]&#10;	Ordinal0 [0x0093BF70+573296]&#10;	Ordinal0 [0x008E1916+203030]&#10;	Ordinal0 [0x008E0C1D+199709]&#10;	Ordinal0 [0x008DEB0B+191243]&#10;	Ordinal0 [0x008C2E77+77431]&#10;	Ordinal0 [0x008C3E3E+81470]&#10;	Ordinal0 [0x008C3DC9+81353]&#10;	Ordinal0 [0x00AB0CD9+2100441]&#10;	GetHandleVerifier [0x00D1B75A+1396954]&#10;	GetHandleVerifier [0x00D1B3D9+1396057]&#10;	GetHandleVerifier [0x00D27126+1444518]&#10;	GetHandleVerifier [0x00D1BCE8+1398376]&#10;	Ordinal0 [0x00AA7F51+2064209]&#10;	Ordinal0 [0x00AB22EB+2106091]&#10;	Ordinal0 [0x00AB2411+2106385]&#10;	Ordinal0 [0x00AC49C4+2181572]&#10;	BaseThreadInitThunk [0x77A96359+25]&#10;	RtlGetAppContainerNamedObjectPath [0x77DD7C24+228]&#10;	RtlGetAppContainerNamedObjectPath [0x77DD7BF4+180]&#10;"/>
  </testcase>
  <testcase name="searchCustomerByName" classname="com.kuda.testCases.CustomerInfoManagement" time="0">
    <skipped message="session not created&#10;from disconnected: received Inspector.detached event&#10;  (Session info: chrome=85.0.4183.121)&#10;Build info: version: &apos;3.141.59&apos;, revision: &apos;e82be7d358&apos;, time: &apos;2018-11-14T08:17:03&apos;&#10;System info: host: &apos;DESKTOP-D068G7Q&apos;, ip: &apos;192.168.43.200&apos;, os.name: &apos;Windows 10&apos;, os.arch: &apos;amd64&apos;, os.version: &apos;10.0&apos;, java.version: &apos;1.8.0_261&apos;&#10;Driver info: driver.version: ChromeDriver&#10;remote stacktrace: Backtrace:&#10;	Ordinal0 [0x00BAD383+3134339]&#10;	Ordinal0 [0x00A9A171+2007409]&#10;	Ordinal0 [0x0093AEE8+569064]&#10;	Ordinal0 [0x0092FCDD+523485]&#10;	Ordinal0 [0x0092F9E9+522729]&#10;	Ordinal0 [0x0092F0FA+520442]&#10;	Ordinal0 [0x0092E542+517442]&#10;	Ordinal0 [0x0092E935+518453]&#10;	Ordinal0 [0x0092E265+516709]&#10;	Ordinal0 [0x00933C7C+539772]&#10;	Ordinal0 [0x0092E214+516628]&#10;	Ordinal0 [0x0092EF25+519973]&#10;	Ordinal0 [0x0092E542+517442]&#10;	Ordinal0 [0x0092E935+518453]&#10;	Ordinal0 [0x0092E265+516709]&#10;	Ordinal0 [0x00932F37+536375]&#10;	Ordinal0 [0x0092E214+516628]&#10;	Ordinal0 [0x0092EF25+519973]&#10;	Ordinal0 [0x0092E542+517442]&#10;	Ordinal0 [0x0092E935+518453]&#10;	Ordinal0 [0x0092E265+516709]&#10;	Ordinal0 [0x0092AB7C+502652]&#10;	Ordinal0 [0x0092E214+516628]&#10;	Ordinal0 [0x0092DF81+515969]&#10;	Ordinal0 [0x0093BF70+573296]&#10;	Ordinal0 [0x008E1916+203030]&#10;	Ordinal0 [0x008E0C1D+199709]&#10;	Ordinal0 [0x008DEB0B+191243]&#10;	Ordinal0 [0x008C2E77+77431]&#10;	Ordinal0 [0x008C3E3E+81470]&#10;	Ordinal0 [0x008C3DC9+81353]&#10;	Ordinal0 [0x00AB0CD9+2100441]&#10;	GetHandleVerifier [0x00D1B75A+1396954]&#10;	GetHandleVerifier [0x00D1B3D9+1396057]&#10;	GetHandleVerifier [0x00D27126+1444518]&#10;	GetHandleVerifier [0x00D1BCE8+1398376]&#10;	Ordinal0 [0x00AA7F51+2064209]&#10;	Ordinal0 [0x00AB22EB+2106091]&#10;	Ordinal0 [0x00AB2411+2106385]&#10;	Ordinal0 [0x00AC49C4+2181572]&#10;	BaseThreadInitThunk [0x77A96359+25]&#10;	RtlGetAppContainerNamedObjectPath [0x77DD7C24+228]&#10;	RtlGetAppContainerNamedObjectPath [0x77DD7BF4+180]&#10;"/>
  </testcase>
  <testcase name="searchByCustomerEmail" classname="com.kuda.testCases.CustomerInfoManagement" time="0">
    <skipped message="session not created&#10;from disconnected: received Inspector.detached event&#10;  (Session info: chrome=85.0.4183.121)&#10;Build info: version: &apos;3.141.59&apos;, revision: &apos;e82be7d358&apos;, time: &apos;2018-11-14T08:17:03&apos;&#10;System info: host: &apos;DESKTOP-D068G7Q&apos;, ip: &apos;192.168.43.200&apos;, os.name: &apos;Windows 10&apos;, os.arch: &apos;amd64&apos;, os.version: &apos;10.0&apos;, java.version: &apos;1.8.0_261&apos;&#10;Driver info: driver.version: ChromeDriver&#10;remote stacktrace: Backtrace:&#10;	Ordinal0 [0x00BAD383+3134339]&#10;	Ordinal0 [0x00A9A171+2007409]&#10;	Ordinal0 [0x0093AEE8+569064]&#10;	Ordinal0 [0x0092FCDD+523485]&#10;	Ordinal0 [0x0092F9E9+522729]&#10;	Ordinal0 [0x0092F0FA+520442]&#10;	Ordinal0 [0x0092E542+517442]&#10;	Ordinal0 [0x0092E935+518453]&#10;	Ordinal0 [0x0092E265+516709]&#10;	Ordinal0 [0x00933C7C+539772]&#10;	Ordinal0 [0x0092E214+516628]&#10;	Ordinal0 [0x0092EF25+519973]&#10;	Ordinal0 [0x0092E542+517442]&#10;	Ordinal0 [0x0092E935+518453]&#10;	Ordinal0 [0x0092E265+516709]&#10;	Ordinal0 [0x00932F37+536375]&#10;	Ordinal0 [0x0092E214+516628]&#10;	Ordinal0 [0x0092EF25+519973]&#10;	Ordinal0 [0x0092E542+517442]&#10;	Ordinal0 [0x0092E935+518453]&#10;	Ordinal0 [0x0092E265+516709]&#10;	Ordinal0 [0x0092AB7C+502652]&#10;	Ordinal0 [0x0092E214+516628]&#10;	Ordinal0 [0x0092DF81+515969]&#10;	Ordinal0 [0x0093BF70+573296]&#10;	Ordinal0 [0x008E1916+203030]&#10;	Ordinal0 [0x008E0C1D+199709]&#10;	Ordinal0 [0x008DEB0B+191243]&#10;	Ordinal0 [0x008C2E77+77431]&#10;	Ordinal0 [0x008C3E3E+81470]&#10;	Ordinal0 [0x008C3DC9+81353]&#10;	Ordinal0 [0x00AB0CD9+2100441]&#10;	GetHandleVerifier [0x00D1B75A+1396954]&#10;	GetHandleVerifier [0x00D1B3D9+1396057]&#10;	GetHandleVerifier [0x00D27126+1444518]&#10;	GetHandleVerifier [0x00D1BCE8+1398376]&#10;	Ordinal0 [0x00AA7F51+2064209]&#10;	Ordinal0 [0x00AB22EB+2106091]&#10;	Ordinal0 [0x00AB2411+2106385]&#10;	Ordinal0 [0x00AC49C4+2181572]&#10;	BaseThreadInitThunk [0x77A96359+25]&#10;	RtlGetAppContainerNamedObjectPath [0x77DD7C24+228]&#10;	RtlGetAppContainerNamedObjectPath [0x77DD7BF4+180]&#10;"/>
  </testcase>
  <testcase name="searchCustomerById" classname="com.kuda.testCases.CustomerInfoManagement" time="0">
    <skipped message="session not created&#10;from disconnected: received Inspector.detached event&#10;  (Session info: chrome=85.0.4183.121)&#10;Build info: version: &apos;3.141.59&apos;, revision: &apos;e82be7d358&apos;, time: &apos;2018-11-14T08:17:03&apos;&#10;System info: host: &apos;DESKTOP-D068G7Q&apos;, ip: &apos;192.168.43.200&apos;, os.name: &apos;Windows 10&apos;, os.arch: &apos;amd64&apos;, os.version: &apos;10.0&apos;, java.version: &apos;1.8.0_261&apos;&#10;Driver info: driver.version: ChromeDriver&#10;remote stacktrace: Backtrace:&#10;	Ordinal0 [0x00BAD383+3134339]&#10;	Ordinal0 [0x00A9A171+2007409]&#10;	Ordinal0 [0x0093AEE8+569064]&#10;	Ordinal0 [0x0092FCDD+523485]&#10;	Ordinal0 [0x0092F9E9+522729]&#10;	Ordinal0 [0x0092F0FA+520442]&#10;	Ordinal0 [0x0092E542+517442]&#10;	Ordinal0 [0x0092E935+518453]&#10;	Ordinal0 [0x0092E265+516709]&#10;	Ordinal0 [0x00933C7C+539772]&#10;	Ordinal0 [0x0092E214+516628]&#10;	Ordinal0 [0x0092EF25+519973]&#10;	Ordinal0 [0x0092E542+517442]&#10;	Ordinal0 [0x0092E935+518453]&#10;	Ordinal0 [0x0092E265+516709]&#10;	Ordinal0 [0x00932F37+536375]&#10;	Ordinal0 [0x0092E214+516628]&#10;	Ordinal0 [0x0092EF25+519973]&#10;	Ordinal0 [0x0092E542+517442]&#10;	Ordinal0 [0x0092E935+518453]&#10;	Ordinal0 [0x0092E265+516709]&#10;	Ordinal0 [0x0092AB7C+502652]&#10;	Ordinal0 [0x0092E214+516628]&#10;	Ordinal0 [0x0092DF81+515969]&#10;	Ordinal0 [0x0093BF70+573296]&#10;	Ordinal0 [0x008E1916+203030]&#10;	Ordinal0 [0x008E0C1D+199709]&#10;	Ordinal0 [0x008DEB0B+191243]&#10;	Ordinal0 [0x008C2E77+77431]&#10;	Ordinal0 [0x008C3E3E+81470]&#10;	Ordinal0 [0x008C3DC9+81353]&#10;	Ordinal0 [0x00AB0CD9+2100441]&#10;	GetHandleVerifier [0x00D1B75A+1396954]&#10;	GetHandleVerifier [0x00D1B3D9+1396057]&#10;	GetHandleVerifier [0x00D27126+1444518]&#10;	GetHandleVerifier [0x00D1BCE8+1398376]&#10;	Ordinal0 [0x00AA7F51+2064209]&#10;	Ordinal0 [0x00AB22EB+2106091]&#10;	Ordinal0 [0x00AB2411+2106385]&#10;	Ordinal0 [0x00AC49C4+2181572]&#10;	BaseThreadInitThunk [0x77A96359+25]&#10;	RtlGetAppContainerNamedObjectPath [0x77DD7C24+228]&#10;	RtlGetAppContainerNamedObjectPath [0x77DD7BF4+180]&#10;"/>
  </testcase>
  <testcase name="createCustomer" classname="com.kuda.testCases.CustomerInfoManagement" time="0">
    <skipped message="session not created&#10;from disconnected: received Inspector.detached event&#10;  (Session info: chrome=85.0.4183.121)&#10;Build info: version: &apos;3.141.59&apos;, revision: &apos;e82be7d358&apos;, time: &apos;2018-11-14T08:17:03&apos;&#10;System info: host: &apos;DESKTOP-D068G7Q&apos;, ip: &apos;192.168.43.200&apos;, os.name: &apos;Windows 10&apos;, os.arch: &apos;amd64&apos;, os.version: &apos;10.0&apos;, java.version: &apos;1.8.0_261&apos;&#10;Driver info: driver.version: ChromeDriver&#10;remote stacktrace: Backtrace:&#10;	Ordinal0 [0x00BAD383+3134339]&#10;	Ordinal0 [0x00A9A171+2007409]&#10;	Ordinal0 [0x0093AEE8+569064]&#10;	Ordinal0 [0x0092FCDD+523485]&#10;	Ordinal0 [0x0092F9E9+522729]&#10;	Ordinal0 [0x0092F0FA+520442]&#10;	Ordinal0 [0x0092E542+517442]&#10;	Ordinal0 [0x0092E935+518453]&#10;	Ordinal0 [0x0092E265+516709]&#10;	Ordinal0 [0x00933C7C+539772]&#10;	Ordinal0 [0x0092E214+516628]&#10;	Ordinal0 [0x0092EF25+519973]&#10;	Ordinal0 [0x0092E542+517442]&#10;	Ordinal0 [0x0092E935+518453]&#10;	Ordinal0 [0x0092E265+516709]&#10;	Ordinal0 [0x00932F37+536375]&#10;	Ordinal0 [0x0092E214+516628]&#10;	Ordinal0 [0x0092EF25+519973]&#10;	Ordinal0 [0x0092E542+517442]&#10;	Ordinal0 [0x0092E935+518453]&#10;	Ordinal0 [0x0092E265+516709]&#10;	Ordinal0 [0x0092AB7C+502652]&#10;	Ordinal0 [0x0092E214+516628]&#10;	Ordinal0 [0x0092DF81+515969]&#10;	Ordinal0 [0x0093BF70+573296]&#10;	Ordinal0 [0x008E1916+203030]&#10;	Ordinal0 [0x008E0C1D+199709]&#10;	Ordinal0 [0x008DEB0B+191243]&#10;	Ordinal0 [0x008C2E77+77431]&#10;	Ordinal0 [0x008C3E3E+81470]&#10;	Ordinal0 [0x008C3DC9+81353]&#10;	Ordinal0 [0x00AB0CD9+2100441]&#10;	GetHandleVerifier [0x00D1B75A+1396954]&#10;	GetHandleVerifier [0x00D1B3D9+1396057]&#10;	GetHandleVerifier [0x00D27126+1444518]&#10;	GetHandleVerifier [0x00D1BCE8+1398376]&#10;	Ordinal0 [0x00AA7F51+2064209]&#10;	Ordinal0 [0x00AB22EB+2106091]&#10;	Ordinal0 [0x00AB2411+2106385]&#10;	Ordinal0 [0x00AC49C4+2181572]&#10;	BaseThreadInitThunk [0x77A96359+25]&#10;	RtlGetAppContainerNamedObjectPath [0x77DD7C24+228]&#10;	RtlGetAppContainerNamedObjectPath [0x77DD7BF4+180]&#10;"/>
  </testcase>
  <testcase name="tearDown" classname="com.kuda.testCases.CustomerInfoManagement" time="0">
    <skipped/>
  </testcase>
  <testcase name="setUp" classname="com.kuda.postingsMgt.ValidateLocalTransfer" time="13.093">
    <failure message="session not created&#10;from chrome not reachable&#10;  (Session info: chrome=85.0.4183.121)&#10;Build info: version: &apos;3.141.59&apos;, revision: &apos;e82be7d358&apos;, time: &apos;2018-11-14T08:17:03&apos;&#10;System info: host: &apos;DESKTOP-D068G7Q&apos;, ip: &apos;192.168.43.200&apos;, os.name: &apos;Windows 10&apos;, os.arch: &apos;amd64&apos;, os.version: &apos;10.0&apos;, java.version: &apos;1.8.0_261&apos;&#10;Driver info: driver.version: ChromeDriver&#10;remote stacktrace: Backtrace:&#10;	Ordinal0 [0x00BAD383+3134339]&#10;	Ordinal0 [0x00A9A171+2007409]&#10;	Ordinal0 [0x0093AD90+568720]&#10;	Ordinal0 [0x00931364+529252]&#10;	Ordinal0 [0x009319FC+530940]&#10;	Ordinal0 [0x00932C15+535573]&#10;	Ordinal0 [0x0092DFC5+516037]&#10;	Ordinal0 [0x0093BF70+573296]&#10;	Ordinal0 [0x008E1916+203030]&#10;	Ordinal0 [0x008E0C1D+199709]&#10;	Ordinal0 [0x008DEB0B+191243]&#10;	Ordinal0 [0x008C2E77+77431]&#10;	Ordinal0 [0x008C3E3E+81470]&#10;	Ordinal0 [0x008C3DC9+81353]&#10;	Ordinal0 [0x00AB0CD9+2100441]&#10;	GetHandleVerifier [0x00D1B75A+1396954]&#10;	GetHandleVerifier [0x00D1B3D9+1396057]&#10;	GetHandleVerifier [0x00D27126+1444518]&#10;	GetHandleVerifier [0x00D1BCE8+1398376]&#10;	Ordinal0 [0x00AA7F51+2064209]&#10;	Ordinal0 [0x00AB22EB+2106091]&#10;	Ordinal0 [0x00AB2411+2106385]&#10;	Ordinal0 [0x00AC49C4+2181572]&#10;	BaseThreadInitThunk [0x77A96359+25]&#10;	RtlGetAppContainerNamedObjectPath [0x77DD7C24+228]&#10;	RtlGetAppContainerNamedObjectPath [0x77DD7BF4+180]&#10;" type="org.openqa.selenium.SessionNotCreatedException">org.openqa.selenium.SessionNotCreatedException: 
session not created
from chrome not reachable
  (Session info: chrome=85.0.4183.121)
Build info: version: '3.141.59', revision: 'e82be7d358', time: '2018-11-14T08:17:03'
System info: host: 'DESKTOP-D068G7Q', ip: '192.168.43.200', os.name: 'Windows 10', os.arch: 'amd64', os.version: '10.0', java.version: '1.8.0_261'
Driver info: driver.version: ChromeDriver
remote stacktrace: Backtrace:
	Ordinal0 [0x00BAD383+3134339]
	Ordinal0 [0x00A9A171+2007409]
	Ordinal0 [0x0093AD90+568720]
	Ordinal0 [0x00931364+529252]
	Ordinal0 [0x009319FC+530940]
	Ordinal0 [0x00932C15+535573]
	Ordinal0 [0x0092DFC5+516037]
	Ordinal0 [0x0093BF70+573296]
	Ordinal0 [0x008E1916+203030]
	Ordinal0 [0x008E0C1D+199709]
	Ordinal0 [0x008DEB0B+191243]
	Ordinal0 [0x008C2E77+77431]
	Ordinal0 [0x008C3E3E+81470]
	Ordinal0 [0x008C3DC9+81353]
	Ordinal0 [0x00AB0CD9+2100441]
	GetHandleVerifier [0x00D1B75A+1396954]
	GetHandleVerifier [0x00D1B3D9+1396057]
	GetHandleVerifier [0x00D27126+1444518]
	GetHandleVerifier [0x00D1BCE8+1398376]
	Ordinal0 [0x00AA7F51+2064209]
	Ordinal0 [0x00AB22EB+2106091]
	Ordinal0 [0x00AB2411+2106385]
	Ordinal0 [0x00AC49C4+2181572]
	BaseThreadInitThunk [0x77A96359+25]
	RtlGetAppContainerNamedObjectPath [0x77DD7C24+228]
	RtlGetAppContainerNamedObjectPath [0x77DD7BF4+180]

</failure>
    <system-err><![CDATA[Starting ChromeDriver 85.0.4183.87 (cd6713ebf92fa1cacc0f1a598df280093af0c5d7-refs/branch-heads/4183@{#1689}) on port 23171
Only local connections are allowed.
Please see https://chromedriver.chromium.org/security-considerations for suggestions on keeping ChromeDriver safe.
ChromeDriver was started successfully.
[1602161118.885][WARNING]: Timed out connecting to Chrome, retrying...
]]></system-err>
  </testcase>
  <testcase name="verifyLocalFundTransfer" classname="com.kuda.postingsMgt.ValidateLocalTransfer" time="0">
    <skipped message="session not created&#10;from chrome not reachable&#10;  (Session info: chrome=85.0.4183.121)&#10;Build info: version: &apos;3.141.59&apos;, revision: &apos;e82be7d358&apos;, time: &apos;2018-11-14T08:17:03&apos;&#10;System info: host: &apos;DESKTOP-D068G7Q&apos;, ip: &apos;192.168.43.200&apos;, os.name: &apos;Windows 10&apos;, os.arch: &apos;amd64&apos;, os.version: &apos;10.0&apos;, java.version: &apos;1.8.0_261&apos;&#10;Driver info: driver.version: ChromeDriver&#10;remote stacktrace: Backtrace:&#10;	Ordinal0 [0x00BAD383+3134339]&#10;	Ordinal0 [0x00A9A171+2007409]&#10;	Ordinal0 [0x0093AD90+568720]&#10;	Ordinal0 [0x00931364+529252]&#10;	Ordinal0 [0x009319FC+530940]&#10;	Ordinal0 [0x00932C15+535573]&#10;	Ordinal0 [0x0092DFC5+516037]&#10;	Ordinal0 [0x0093BF70+573296]&#10;	Ordinal0 [0x008E1916+203030]&#10;	Ordinal0 [0x008E0C1D+199709]&#10;	Ordinal0 [0x008DEB0B+191243]&#10;	Ordinal0 [0x008C2E77+77431]&#10;	Ordinal0 [0x008C3E3E+81470]&#10;	Ordinal0 [0x008C3DC9+81353]&#10;	Ordinal0 [0x00AB0CD9+2100441]&#10;	GetHandleVerifier [0x00D1B75A+1396954]&#10;	GetHandleVerifier [0x00D1B3D9+1396057]&#10;	GetHandleVerifier [0x00D27126+1444518]&#10;	GetHandleVerifier [0x00D1BCE8+1398376]&#10;	Ordinal0 [0x00AA7F51+2064209]&#10;	Ordinal0 [0x00AB22EB+2106091]&#10;	Ordinal0 [0x00AB2411+2106385]&#10;	Ordinal0 [0x00AC49C4+2181572]&#10;	BaseThreadInitThunk [0x77A96359+25]&#10;	RtlGetAppContainerNamedObjectPath [0x77DD7C24+228]&#10;	RtlGetAppContainerNamedObjectPath [0x77DD7BF4+180]&#10;"/>
  </testcase>
  <testcase name="tearDown" classname="com.kuda.postingsMgt.ValidateLocalTransfer" time="0">
    <skipped/>
  </testcase>
  <testcase name="setUp" classname="com.kuda.postingsMgt.ValidateSingleJournalTransfer" time="4.824">
    <failure message="no such window: target window already closed&#10;from unknown error: web view not found&#10;  (Session info: chrome=85.0.4183.121)&#10;Build info: version: &apos;3.141.59&apos;, revision: &apos;e82be7d358&apos;, time: &apos;2018-11-14T08:17:03&apos;&#10;System info: host: &apos;DESKTOP-D068G7Q&apos;, ip: &apos;192.168.43.200&apos;, os.name: &apos;Windows 10&apos;, os.arch: &apos;amd64&apos;, os.version: &apos;10.0&apos;, java.version: &apos;1.8.0_261&apos;&#10;Driver info: org.openqa.selenium.chrome.ChromeDriver&#10;Capabilities {acceptInsecureCerts: false, browserName: chrome, browserVersion: 85.0.4183.121, chrome: {chromedriverVersion: 85.0.4183.87 (cd6713ebf92fa..., userDataDir: C:\Users\Gbenga\AppData\Loc...}, goog:chromeOptions: {debuggerAddress: localhost:53502}, javascriptEnabled: true, networkConnectionEnabled: false, pageLoadStrategy: normal, platform: WINDOWS, platformName: WINDOWS, proxy: Proxy(), setWindowRect: true, strictFileInteractability: false, timeouts: {implicit: 0, pageLoad: 300000, script: 30000}, unhandledPromptBehavior: dismiss and notify, webauthn:virtualAuthenticators: true}&#10;Session ID: 9a2809dedb5bad7a94dc97a24d93c36b" type="org.openqa.selenium.NoSuchWindowException">org.openqa.selenium.NoSuchWindowException: 
no such window: target window already closed
from unknown error: web view not found
  (Session info: chrome=85.0.4183.121)
Build info: version: '3.141.59', revision: 'e82be7d358', time: '2018-11-14T08:17:03'
System info: host: 'DESKTOP-D068G7Q', ip: '192.168.43.200', os.name: 'Windows 10', os.arch: 'amd64', os.version: '10.0', java.version: '1.8.0_261'
Driver info: org.openqa.selenium.chrome.ChromeDriver
Capabilities {acceptInsecureCerts: false, browserName: chrome, browserVersion: 85.0.4183.121, chrome: {chromedriverVersion: 85.0.4183.87 (cd6713ebf92fa..., userDataDir: C:\Users\Gbenga\AppData\Loc...}, goog:chromeOptions: {debuggerAddress: localhost:53502}, javascriptEnabled: true, networkConnectionEnabled: false, pageLoadStrategy: normal, platform: WINDOWS, platformName: WINDOWS, proxy: Proxy(), setWindowRect: true, strictFileInteractability: false, timeouts: {implicit: 0, pageLoad: 300000, script: 30000}, unhandledPromptBehavior: dismiss and notify, webauthn:virtualAuthenticators: true}
Session ID: 9a2809dedb5bad7a94dc97a24d93c36b
</failure>
    <system-err><![CDATA[Starting ChromeDriver 85.0.4183.87 (cd6713ebf92fa1cacc0f1a598df280093af0c5d7-refs/branch-heads/4183@{#1689}) on port 41437
Only local connections are allowed.
Please see https://chromedriver.chromium.org/security-considerations for suggestions on keeping ChromeDriver safe.
ChromeDriver was started successfully.
Oct 08, 2020 5:45:29 AM org.openqa.selenium.remote.ProtocolHandshake createSession
INFO: Detected dialect: W3C
]]></system-err>
  </testcase>
  <testcase name="glToglTransfer" classname="com.kuda.postingsMgt.ValidateSingleJournalTransfer" time="0">
    <skipped message="no such window: target window already closed&#10;from unknown error: web view not found&#10;  (Session info: chrome=85.0.4183.121)&#10;Build info: version: &apos;3.141.59&apos;, revision: &apos;e82be7d358&apos;, time: &apos;2018-11-14T08:17:03&apos;&#10;System info: host: &apos;DESKTOP-D068G7Q&apos;, ip: &apos;192.168.43.200&apos;, os.name: &apos;Windows 10&apos;, os.arch: &apos;amd64&apos;, os.version: &apos;10.0&apos;, java.version: &apos;1.8.0_261&apos;&#10;Driver info: org.openqa.selenium.chrome.ChromeDriver&#10;Capabilities {acceptInsecureCerts: false, browserName: chrome, browserVersion: 85.0.4183.121, chrome: {chromedriverVersion: 85.0.4183.87 (cd6713ebf92fa..., userDataDir: C:\Users\Gbenga\AppData\Loc...}, goog:chromeOptions: {debuggerAddress: localhost:53502}, javascriptEnabled: true, networkConnectionEnabled: false, pageLoadStrategy: normal, platform: WINDOWS, platformName: WINDOWS, proxy: Proxy(), setWindowRect: true, strictFileInteractability: false, timeouts: {implicit: 0, pageLoad: 300000, script: 30000}, unhandledPromptBehavior: dismiss and notify, webauthn:virtualAuthenticators: true}&#10;Session ID: 9a2809dedb5bad7a94dc97a24d93c36b"/>
  </testcase>
  <testcase name="tearDown" classname="com.kuda.postingsMgt.ValidateSingleJournalTransfer" time="0">
    <skipped/>
  </testcase>
  <testcase name="setUp" classname="com.kuda.testCases.GeneralLedgerManagement" time="13.103">
    <failure message="session not created&#10;from chrome not reachable&#10;  (Session info: chrome=85.0.4183.121)&#10;Build info: version: &apos;3.141.59&apos;, revision: &apos;e82be7d358&apos;, time: &apos;2018-11-14T08:17:03&apos;&#10;System info: host: &apos;DESKTOP-D068G7Q&apos;, ip: &apos;192.168.43.200&apos;, os.name: &apos;Windows 10&apos;, os.arch: &apos;amd64&apos;, os.version: &apos;10.0&apos;, java.version: &apos;1.8.0_261&apos;&#10;Driver info: driver.version: ChromeDriver&#10;remote stacktrace: Backtrace:&#10;	Ordinal0 [0x00BAD383+3134339]&#10;	Ordinal0 [0x00A9A171+2007409]&#10;	Ordinal0 [0x0093AD90+568720]&#10;	Ordinal0 [0x00931364+529252]&#10;	Ordinal0 [0x009319FC+530940]&#10;	Ordinal0 [0x00932C15+535573]&#10;	Ordinal0 [0x0092DFC5+516037]&#10;	Ordinal0 [0x0093BF70+573296]&#10;	Ordinal0 [0x008E1916+203030]&#10;	Ordinal0 [0x008E0C1D+199709]&#10;	Ordinal0 [0x008DEB0B+191243]&#10;	Ordinal0 [0x008C2E77+77431]&#10;	Ordinal0 [0x008C3E3E+81470]&#10;	Ordinal0 [0x008C3DC9+81353]&#10;	Ordinal0 [0x00AB0CD9+2100441]&#10;	GetHandleVerifier [0x00D1B75A+1396954]&#10;	GetHandleVerifier [0x00D1B3D9+1396057]&#10;	GetHandleVerifier [0x00D27126+1444518]&#10;	GetHandleVerifier [0x00D1BCE8+1398376]&#10;	Ordinal0 [0x00AA7F51+2064209]&#10;	Ordinal0 [0x00AB22EB+2106091]&#10;	Ordinal0 [0x00AB2411+2106385]&#10;	Ordinal0 [0x00AC49C4+2181572]&#10;	BaseThreadInitThunk [0x77A96359+25]&#10;	RtlGetAppContainerNamedObjectPath [0x77DD7C24+228]&#10;	RtlGetAppContainerNamedObjectPath [0x77DD7BF4+180]&#10;" type="org.openqa.selenium.SessionNotCreatedException">org.openqa.selenium.SessionNotCreatedException: 
session not created
from chrome not reachable
  (Session info: chrome=85.0.4183.121)
Build info: version: '3.141.59', revision: 'e82be7d358', time: '2018-11-14T08:17:03'
System info: host: 'DESKTOP-D068G7Q', ip: '192.168.43.200', os.name: 'Windows 10', os.arch: 'amd64', os.version: '10.0', java.version: '1.8.0_261'
Driver info: driver.version: ChromeDriver
remote stacktrace: Backtrace:
	Ordinal0 [0x00BAD383+3134339]
	Ordinal0 [0x00A9A171+2007409]
	Ordinal0 [0x0093AD90+568720]
	Ordinal0 [0x00931364+529252]
	Ordinal0 [0x009319FC+530940]
	Ordinal0 [0x00932C15+535573]
	Ordinal0 [0x0092DFC5+516037]
	Ordinal0 [0x0093BF70+573296]
	Ordinal0 [0x008E1916+203030]
	Ordinal0 [0x008E0C1D+199709]
	Ordinal0 [0x008DEB0B+191243]
	Ordinal0 [0x008C2E77+77431]
	Ordinal0 [0x008C3E3E+81470]
	Ordinal0 [0x008C3DC9+81353]
	Ordinal0 [0x00AB0CD9+2100441]
	GetHandleVerifier [0x00D1B75A+1396954]
	GetHandleVerifier [0x00D1B3D9+1396057]
	GetHandleVerifier [0x00D27126+1444518]
	GetHandleVerifier [0x00D1BCE8+1398376]
	Ordinal0 [0x00AA7F51+2064209]
	Ordinal0 [0x00AB22EB+2106091]
	Ordinal0 [0x00AB2411+2106385]
	Ordinal0 [0x00AC49C4+2181572]
	BaseThreadInitThunk [0x77A96359+25]
	RtlGetAppContainerNamedObjectPath [0x77DD7C24+228]
	RtlGetAppContainerNamedObjectPath [0x77DD7BF4+180]

</failure>
    <system-err><![CDATA[Starting ChromeDriver 85.0.4183.87 (cd6713ebf92fa1cacc0f1a598df280093af0c5d7-refs/branch-heads/4183@{#1689}) on port 16330
Only local connections are allowed.
Please see https://chromedriver.chromium.org/security-considerations for suggestions on keeping ChromeDriver safe.
ChromeDriver was started successfully.
[1602161136.813][WARNING]: Timed out connecting to Chrome, retrying...
]]></system-err>
  </testcase>
  <testcase name="viewGLAccounts" classname="com.kuda.testCases.GeneralLedgerManagement" time="0">
    <skipped message="session not created&#10;from chrome not reachable&#10;  (Session info: chrome=85.0.4183.121)&#10;Build info: version: &apos;3.141.59&apos;, revision: &apos;e82be7d358&apos;, time: &apos;2018-11-14T08:17:03&apos;&#10;System info: host: &apos;DESKTOP-D068G7Q&apos;, ip: &apos;192.168.43.200&apos;, os.name: &apos;Windows 10&apos;, os.arch: &apos;amd64&apos;, os.version: &apos;10.0&apos;, java.version: &apos;1.8.0_261&apos;&#10;Driver info: driver.version: ChromeDriver&#10;remote stacktrace: Backtrace:&#10;	Ordinal0 [0x00BAD383+3134339]&#10;	Ordinal0 [0x00A9A171+2007409]&#10;	Ordinal0 [0x0093AD90+568720]&#10;	Ordinal0 [0x00931364+529252]&#10;	Ordinal0 [0x009319FC+530940]&#10;	Ordinal0 [0x00932C15+535573]&#10;	Ordinal0 [0x0092DFC5+516037]&#10;	Ordinal0 [0x0093BF70+573296]&#10;	Ordinal0 [0x008E1916+203030]&#10;	Ordinal0 [0x008E0C1D+199709]&#10;	Ordinal0 [0x008DEB0B+191243]&#10;	Ordinal0 [0x008C2E77+77431]&#10;	Ordinal0 [0x008C3E3E+81470]&#10;	Ordinal0 [0x008C3DC9+81353]&#10;	Ordinal0 [0x00AB0CD9+2100441]&#10;	GetHandleVerifier [0x00D1B75A+1396954]&#10;	GetHandleVerifier [0x00D1B3D9+1396057]&#10;	GetHandleVerifier [0x00D27126+1444518]&#10;	GetHandleVerifier [0x00D1BCE8+1398376]&#10;	Ordinal0 [0x00AA7F51+2064209]&#10;	Ordinal0 [0x00AB22EB+2106091]&#10;	Ordinal0 [0x00AB2411+2106385]&#10;	Ordinal0 [0x00AC49C4+2181572]&#10;	BaseThreadInitThunk [0x77A96359+25]&#10;	RtlGetAppContainerNamedObjectPath [0x77DD7C24+228]&#10;	RtlGetAppContainerNamedObjectPath [0x77DD7BF4+180]&#10;"/>
  </testcase>
  <testcase name="searchGLByName" classname="com.kuda.testCases.GeneralLedgerManagement" time="0">
    <skipped message="session not created&#10;from chrome not reachable&#10;  (Session info: chrome=85.0.4183.121)&#10;Build info: version: &apos;3.141.59&apos;, revision: &apos;e82be7d358&apos;, time: &apos;2018-11-14T08:17:03&apos;&#10;System info: host: &apos;DESKTOP-D068G7Q&apos;, ip: &apos;192.168.43.200&apos;, os.name: &apos;Windows 10&apos;, os.arch: &apos;amd64&apos;, os.version: &apos;10.0&apos;, java.version: &apos;1.8.0_261&apos;&#10;Driver info: driver.version: ChromeDriver&#10;remote stacktrace: Backtrace:&#10;	Ordinal0 [0x00BAD383+3134339]&#10;	Ordinal0 [0x00A9A171+2007409]&#10;	Ordinal0 [0x0093AD90+568720]&#10;	Ordinal0 [0x00931364+529252]&#10;	Ordinal0 [0x009319FC+530940]&#10;	Ordinal0 [0x00932C15+535573]&#10;	Ordinal0 [0x0092DFC5+516037]&#10;	Ordinal0 [0x0093BF70+573296]&#10;	Ordinal0 [0x008E1916+203030]&#10;	Ordinal0 [0x008E0C1D+199709]&#10;	Ordinal0 [0x008DEB0B+191243]&#10;	Ordinal0 [0x008C2E77+77431]&#10;	Ordinal0 [0x008C3E3E+81470]&#10;	Ordinal0 [0x008C3DC9+81353]&#10;	Ordinal0 [0x00AB0CD9+2100441]&#10;	GetHandleVerifier [0x00D1B75A+1396954]&#10;	GetHandleVerifier [0x00D1B3D9+1396057]&#10;	GetHandleVerifier [0x00D27126+1444518]&#10;	GetHandleVerifier [0x00D1BCE8+1398376]&#10;	Ordinal0 [0x00AA7F51+2064209]&#10;	Ordinal0 [0x00AB22EB+2106091]&#10;	Ordinal0 [0x00AB2411+2106385]&#10;	Ordinal0 [0x00AC49C4+2181572]&#10;	BaseThreadInitThunk [0x77A96359+25]&#10;	RtlGetAppContainerNamedObjectPath [0x77DD7C24+228]&#10;	RtlGetAppContainerNamedObjectPath [0x77DD7BF4+180]&#10;"/>
  </testcase>
  <testcase name="searchGLByCode" classname="com.kuda.testCases.GeneralLedgerManagement" time="0">
    <skipped message="session not created&#10;from chrome not reachable&#10;  (Session info: chrome=85.0.4183.121)&#10;Build info: version: &apos;3.141.59&apos;, revision: &apos;e82be7d358&apos;, time: &apos;2018-11-14T08:17:03&apos;&#10;System info: host: &apos;DESKTOP-D068G7Q&apos;, ip: &apos;192.168.43.200&apos;, os.name: &apos;Windows 10&apos;, os.arch: &apos;amd64&apos;, os.version: &apos;10.0&apos;, java.version: &apos;1.8.0_261&apos;&#10;Driver info: driver.version: ChromeDriver&#10;remote stacktrace: Backtrace:&#10;	Ordinal0 [0x00BAD383+3134339]&#10;	Ordinal0 [0x00A9A171+2007409]&#10;	Ordinal0 [0x0093AD90+568720]&#10;	Ordinal0 [0x00931364+529252]&#10;	Ordinal0 [0x009319FC+530940]&#10;	Ordinal0 [0x00932C15+535573]&#10;	Ordinal0 [0x0092DFC5+516037]&#10;	Ordinal0 [0x0093BF70+573296]&#10;	Ordinal0 [0x008E1916+203030]&#10;	Ordinal0 [0x008E0C1D+199709]&#10;	Ordinal0 [0x008DEB0B+191243]&#10;	Ordinal0 [0x008C2E77+77431]&#10;	Ordinal0 [0x008C3E3E+81470]&#10;	Ordinal0 [0x008C3DC9+81353]&#10;	Ordinal0 [0x00AB0CD9+2100441]&#10;	GetHandleVerifier [0x00D1B75A+1396954]&#10;	GetHandleVerifier [0x00D1B3D9+1396057]&#10;	GetHandleVerifier [0x00D27126+1444518]&#10;	GetHandleVerifier [0x00D1BCE8+1398376]&#10;	Ordinal0 [0x00AA7F51+2064209]&#10;	Ordinal0 [0x00AB22EB+2106091]&#10;	Ordinal0 [0x00AB2411+2106385]&#10;	Ordinal0 [0x00AC49C4+2181572]&#10;	BaseThreadInitThunk [0x77A96359+25]&#10;	RtlGetAppContainerNamedObjectPath [0x77DD7C24+228]&#10;	RtlGetAppContainerNamedObjectPath [0x77DD7BF4+180]&#10;"/>
  </testcase>
  <testcase name="viewGLBalance" classname="com.kuda.testCases.GeneralLedgerManagement" time="0">
    <skipped message="session not created&#10;from chrome not reachable&#10;  (Session info: chrome=85.0.4183.121)&#10;Build info: version: &apos;3.141.59&apos;, revision: &apos;e82be7d358&apos;, time: &apos;2018-11-14T08:17:03&apos;&#10;System info: host: &apos;DESKTOP-D068G7Q&apos;, ip: &apos;192.168.43.200&apos;, os.name: &apos;Windows 10&apos;, os.arch: &apos;amd64&apos;, os.version: &apos;10.0&apos;, java.version: &apos;1.8.0_261&apos;&#10;Driver info: driver.version: ChromeDriver&#10;remote stacktrace: Backtrace:&#10;	Ordinal0 [0x00BAD383+3134339]&#10;	Ordinal0 [0x00A9A171+2007409]&#10;	Ordinal0 [0x0093AD90+568720]&#10;	Ordinal0 [0x00931364+529252]&#10;	Ordinal0 [0x009319FC+530940]&#10;	Ordinal0 [0x00932C15+535573]&#10;	Ordinal0 [0x0092DFC5+516037]&#10;	Ordinal0 [0x0093BF70+573296]&#10;	Ordinal0 [0x008E1916+203030]&#10;	Ordinal0 [0x008E0C1D+199709]&#10;	Ordinal0 [0x008DEB0B+191243]&#10;	Ordinal0 [0x008C2E77+77431]&#10;	Ordinal0 [0x008C3E3E+81470]&#10;	Ordinal0 [0x008C3DC9+81353]&#10;	Ordinal0 [0x00AB0CD9+2100441]&#10;	GetHandleVerifier [0x00D1B75A+1396954]&#10;	GetHandleVerifier [0x00D1B3D9+1396057]&#10;	GetHandleVerifier [0x00D27126+1444518]&#10;	GetHandleVerifier [0x00D1BCE8+1398376]&#10;	Ordinal0 [0x00AA7F51+2064209]&#10;	Ordinal0 [0x00AB22EB+2106091]&#10;	Ordinal0 [0x00AB2411+2106385]&#10;	Ordinal0 [0x00AC49C4+2181572]&#10;	BaseThreadInitThunk [0x77A96359+25]&#10;	RtlGetAppContainerNamedObjectPath [0x77DD7C24+228]&#10;	RtlGetAppContainerNamedObjectPath [0x77DD7BF4+180]&#10;"/>
  </testcase>
  <testcase name="editGeneralLedgerAccount" classname="com.kuda.testCases.GeneralLedgerManagement" time="0">
    <skipped message="session not created&#10;from chrome not reachable&#10;  (Session info: chrome=85.0.4183.121)&#10;Build info: version: &apos;3.141.59&apos;, revision: &apos;e82be7d358&apos;, time: &apos;2018-11-14T08:17:03&apos;&#10;System info: host: &apos;DESKTOP-D068G7Q&apos;, ip: &apos;192.168.43.200&apos;, os.name: &apos;Windows 10&apos;, os.arch: &apos;amd64&apos;, os.version: &apos;10.0&apos;, java.version: &apos;1.8.0_261&apos;&#10;Driver info: driver.version: ChromeDriver&#10;remote stacktrace: Backtrace:&#10;	Ordinal0 [0x00BAD383+3134339]&#10;	Ordinal0 [0x00A9A171+2007409]&#10;	Ordinal0 [0x0093AD90+568720]&#10;	Ordinal0 [0x00931364+529252]&#10;	Ordinal0 [0x009319FC+530940]&#10;	Ordinal0 [0x00932C15+535573]&#10;	Ordinal0 [0x0092DFC5+516037]&#10;	Ordinal0 [0x0093BF70+573296]&#10;	Ordinal0 [0x008E1916+203030]&#10;	Ordinal0 [0x008E0C1D+199709]&#10;	Ordinal0 [0x008DEB0B+191243]&#10;	Ordinal0 [0x008C2E77+77431]&#10;	Ordinal0 [0x008C3E3E+81470]&#10;	Ordinal0 [0x008C3DC9+81353]&#10;	Ordinal0 [0x00AB0CD9+2100441]&#10;	GetHandleVerifier [0x00D1B75A+1396954]&#10;	GetHandleVerifier [0x00D1B3D9+1396057]&#10;	GetHandleVerifier [0x00D27126+1444518]&#10;	GetHandleVerifier [0x00D1BCE8+1398376]&#10;	Ordinal0 [0x00AA7F51+2064209]&#10;	Ordinal0 [0x00AB22EB+2106091]&#10;	Ordinal0 [0x00AB2411+2106385]&#10;	Ordinal0 [0x00AC49C4+2181572]&#10;	BaseThreadInitThunk [0x77A96359+25]&#10;	RtlGetAppContainerNamedObjectPath [0x77DD7C24+228]&#10;	RtlGetAppContainerNamedObjectPath [0x77DD7BF4+180]&#10;"/>
  </testcase>
  <testcase name="tearDown" classname="com.kuda.testCases.GeneralLedgerManagement" time="0">
    <skipped/>
  </testcase>
  <testcase name="setUp" classname="com.kuda.testCases.UserManagement" time="13.119">
    <failure message="session not created&#10;from chrome not reachable&#10;  (Session info: chrome=85.0.4183.121)&#10;Build info: version: &apos;3.141.59&apos;, revision: &apos;e82be7d358&apos;, time: &apos;2018-11-14T08:17:03&apos;&#10;System info: host: &apos;DESKTOP-D068G7Q&apos;, ip: &apos;192.168.43.200&apos;, os.name: &apos;Windows 10&apos;, os.arch: &apos;amd64&apos;, os.version: &apos;10.0&apos;, java.version: &apos;1.8.0_261&apos;&#10;Driver info: driver.version: ChromeDriver&#10;remote stacktrace: Backtrace:&#10;	Ordinal0 [0x00BAD383+3134339]&#10;	Ordinal0 [0x00A9A171+2007409]&#10;	Ordinal0 [0x0093AD90+568720]&#10;	Ordinal0 [0x00931364+529252]&#10;	Ordinal0 [0x009319FC+530940]&#10;	Ordinal0 [0x00932C15+535573]&#10;	Ordinal0 [0x0092DFC5+516037]&#10;	Ordinal0 [0x0093BF70+573296]&#10;	Ordinal0 [0x008E1916+203030]&#10;	Ordinal0 [0x008E0C1D+199709]&#10;	Ordinal0 [0x008DEB0B+191243]&#10;	Ordinal0 [0x008C2E77+77431]&#10;	Ordinal0 [0x008C3E3E+81470]&#10;	Ordinal0 [0x008C3DC9+81353]&#10;	Ordinal0 [0x00AB0CD9+2100441]&#10;	GetHandleVerifier [0x00D1B75A+1396954]&#10;	GetHandleVerifier [0x00D1B3D9+1396057]&#10;	GetHandleVerifier [0x00D27126+1444518]&#10;	GetHandleVerifier [0x00D1BCE8+1398376]&#10;	Ordinal0 [0x00AA7F51+2064209]&#10;	Ordinal0 [0x00AB22EB+2106091]&#10;	Ordinal0 [0x00AB2411+2106385]&#10;	Ordinal0 [0x00AC49C4+2181572]&#10;	BaseThreadInitThunk [0x77A96359+25]&#10;	RtlGetAppContainerNamedObjectPath [0x77DD7C24+228]&#10;	RtlGetAppContainerNamedObjectPath [0x77DD7BF4+180]&#10;" type="org.openqa.selenium.SessionNotCreatedException">org.openqa.selenium.SessionNotCreatedException: 
session not created
from chrome not reachable
  (Session info: chrome=85.0.4183.121)
Build info: version: '3.141.59', revision: 'e82be7d358', time: '2018-11-14T08:17:03'
System info: host: 'DESKTOP-D068G7Q', ip: '192.168.43.200', os.name: 'Windows 10', os.arch: 'amd64', os.version: '10.0', java.version: '1.8.0_261'
Driver info: driver.version: ChromeDriver
remote stacktrace: Backtrace:
	Ordinal0 [0x00BAD383+3134339]
	Ordinal0 [0x00A9A171+2007409]
	Ordinal0 [0x0093AD90+568720]
	Ordinal0 [0x00931364+529252]
	Ordinal0 [0x009319FC+530940]
	Ordinal0 [0x00932C15+535573]
	Ordinal0 [0x0092DFC5+516037]
	Ordinal0 [0x0093BF70+573296]
	Ordinal0 [0x008E1916+203030]
	Ordinal0 [0x008E0C1D+199709]
	Ordinal0 [0x008DEB0B+191243]
	Ordinal0 [0x008C2E77+77431]
	Ordinal0 [0x008C3E3E+81470]
	Ordinal0 [0x008C3DC9+81353]
	Ordinal0 [0x00AB0CD9+2100441]
	GetHandleVerifier [0x00D1B75A+1396954]
	GetHandleVerifier [0x00D1B3D9+1396057]
	GetHandleVerifier [0x00D27126+1444518]
	GetHandleVerifier [0x00D1BCE8+1398376]
	Ordinal0 [0x00AA7F51+2064209]
	Ordinal0 [0x00AB22EB+2106091]
	Ordinal0 [0x00AB2411+2106385]
	Ordinal0 [0x00AC49C4+2181572]
	BaseThreadInitThunk [0x77A96359+25]
	RtlGetAppContainerNamedObjectPath [0x77DD7C24+228]
	RtlGetAppContainerNamedObjectPath [0x77DD7BF4+180]

</failure>
    <system-err><![CDATA[Starting ChromeDriver 85.0.4183.87 (cd6713ebf92fa1cacc0f1a598df280093af0c5d7-refs/branch-heads/4183@{#1689}) on port 22280
Only local connections are allowed.
Please see https://chromedriver.chromium.org/security-considerations for suggestions on keeping ChromeDriver safe.
ChromeDriver was started successfully.
[1602161149.939][WARNING]: Timed out connecting to Chrome, retrying...
]]></system-err>
  </testcase>
  <testcase name="viewUsers" classname="com.kuda.testCases.UserManagement" time="0">
    <skipped message="session not created&#10;from chrome not reachable&#10;  (Session info: chrome=85.0.4183.121)&#10;Build info: version: &apos;3.141.59&apos;, revision: &apos;e82be7d358&apos;, time: &apos;2018-11-14T08:17:03&apos;&#10;System info: host: &apos;DESKTOP-D068G7Q&apos;, ip: &apos;192.168.43.200&apos;, os.name: &apos;Windows 10&apos;, os.arch: &apos;amd64&apos;, os.version: &apos;10.0&apos;, java.version: &apos;1.8.0_261&apos;&#10;Driver info: driver.version: ChromeDriver&#10;remote stacktrace: Backtrace:&#10;	Ordinal0 [0x00BAD383+3134339]&#10;	Ordinal0 [0x00A9A171+2007409]&#10;	Ordinal0 [0x0093AD90+568720]&#10;	Ordinal0 [0x00931364+529252]&#10;	Ordinal0 [0x009319FC+530940]&#10;	Ordinal0 [0x00932C15+535573]&#10;	Ordinal0 [0x0092DFC5+516037]&#10;	Ordinal0 [0x0093BF70+573296]&#10;	Ordinal0 [0x008E1916+203030]&#10;	Ordinal0 [0x008E0C1D+199709]&#10;	Ordinal0 [0x008DEB0B+191243]&#10;	Ordinal0 [0x008C2E77+77431]&#10;	Ordinal0 [0x008C3E3E+81470]&#10;	Ordinal0 [0x008C3DC9+81353]&#10;	Ordinal0 [0x00AB0CD9+2100441]&#10;	GetHandleVerifier [0x00D1B75A+1396954]&#10;	GetHandleVerifier [0x00D1B3D9+1396057]&#10;	GetHandleVerifier [0x00D27126+1444518]&#10;	GetHandleVerifier [0x00D1BCE8+1398376]&#10;	Ordinal0 [0x00AA7F51+2064209]&#10;	Ordinal0 [0x00AB22EB+2106091]&#10;	Ordinal0 [0x00AB2411+2106385]&#10;	Ordinal0 [0x00AC49C4+2181572]&#10;	BaseThreadInitThunk [0x77A96359+25]&#10;	RtlGetAppContainerNamedObjectPath [0x77DD7C24+228]&#10;	RtlGetAppContainerNamedObjectPath [0x77DD7BF4+180]&#10;"/>
  </testcase>
  <testcase name="searchUsersByUserName" classname="com.kuda.testCases.UserManagement" time="0">
    <skipped message="session not created&#10;from chrome not reachable&#10;  (Session info: chrome=85.0.4183.121)&#10;Build info: version: &apos;3.141.59&apos;, revision: &apos;e82be7d358&apos;, time: &apos;2018-11-14T08:17:03&apos;&#10;System info: host: &apos;DESKTOP-D068G7Q&apos;, ip: &apos;192.168.43.200&apos;, os.name: &apos;Windows 10&apos;, os.arch: &apos;amd64&apos;, os.version: &apos;10.0&apos;, java.version: &apos;1.8.0_261&apos;&#10;Driver info: driver.version: ChromeDriver&#10;remote stacktrace: Backtrace:&#10;	Ordinal0 [0x00BAD383+3134339]&#10;	Ordinal0 [0x00A9A171+2007409]&#10;	Ordinal0 [0x0093AD90+568720]&#10;	Ordinal0 [0x00931364+529252]&#10;	Ordinal0 [0x009319FC+530940]&#10;	Ordinal0 [0x00932C15+535573]&#10;	Ordinal0 [0x0092DFC5+516037]&#10;	Ordinal0 [0x0093BF70+573296]&#10;	Ordinal0 [0x008E1916+203030]&#10;	Ordinal0 [0x008E0C1D+199709]&#10;	Ordinal0 [0x008DEB0B+191243]&#10;	Ordinal0 [0x008C2E77+77431]&#10;	Ordinal0 [0x008C3E3E+81470]&#10;	Ordinal0 [0x008C3DC9+81353]&#10;	Ordinal0 [0x00AB0CD9+2100441]&#10;	GetHandleVerifier [0x00D1B75A+1396954]&#10;	GetHandleVerifier [0x00D1B3D9+1396057]&#10;	GetHandleVerifier [0x00D27126+1444518]&#10;	GetHandleVerifier [0x00D1BCE8+1398376]&#10;	Ordinal0 [0x00AA7F51+2064209]&#10;	Ordinal0 [0x00AB22EB+2106091]&#10;	Ordinal0 [0x00AB2411+2106385]&#10;	Ordinal0 [0x00AC49C4+2181572]&#10;	BaseThreadInitThunk [0x77A96359+25]&#10;	RtlGetAppContainerNamedObjectPath [0x77DD7C24+228]&#10;	RtlGetAppContainerNamedObjectPath [0x77DD7BF4+180]&#10;"/>
  </testcase>
  <testcase name="searchUserByDesignation" classname="com.kuda.testCases.UserManagement" time="0">
    <skipped message="session not created&#10;from chrome not reachable&#10;  (Session info: chrome=85.0.4183.121)&#10;Build info: version: &apos;3.141.59&apos;, revision: &apos;e82be7d358&apos;, time: &apos;2018-11-14T08:17:03&apos;&#10;System info: host: &apos;DESKTOP-D068G7Q&apos;, ip: &apos;192.168.43.200&apos;, os.name: &apos;Windows 10&apos;, os.arch: &apos;amd64&apos;, os.version: &apos;10.0&apos;, java.version: &apos;1.8.0_261&apos;&#10;Driver info: driver.version: ChromeDriver&#10;remote stacktrace: Backtrace:&#10;	Ordinal0 [0x00BAD383+3134339]&#10;	Ordinal0 [0x00A9A171+2007409]&#10;	Ordinal0 [0x0093AD90+568720]&#10;	Ordinal0 [0x00931364+529252]&#10;	Ordinal0 [0x009319FC+530940]&#10;	Ordinal0 [0x00932C15+535573]&#10;	Ordinal0 [0x0092DFC5+516037]&#10;	Ordinal0 [0x0093BF70+573296]&#10;	Ordinal0 [0x008E1916+203030]&#10;	Ordinal0 [0x008E0C1D+199709]&#10;	Ordinal0 [0x008DEB0B+191243]&#10;	Ordinal0 [0x008C2E77+77431]&#10;	Ordinal0 [0x008C3E3E+81470]&#10;	Ordinal0 [0x008C3DC9+81353]&#10;	Ordinal0 [0x00AB0CD9+2100441]&#10;	GetHandleVerifier [0x00D1B75A+1396954]&#10;	GetHandleVerifier [0x00D1B3D9+1396057]&#10;	GetHandleVerifier [0x00D27126+1444518]&#10;	GetHandleVerifier [0x00D1BCE8+1398376]&#10;	Ordinal0 [0x00AA7F51+2064209]&#10;	Ordinal0 [0x00AB22EB+2106091]&#10;	Ordinal0 [0x00AB2411+2106385]&#10;	Ordinal0 [0x00AC49C4+2181572]&#10;	BaseThreadInitThunk [0x77A96359+25]&#10;	RtlGetAppContainerNamedObjectPath [0x77DD7C24+228]&#10;	RtlGetAppContainerNamedObjectPath [0x77DD7BF4+180]&#10;"/>
  </testcase>
  <testcase name="searchUserByPhoneNumber" classname="com.kuda.testCases.UserManagement" time="0">
    <skipped message="session not created&#10;from chrome not reachable&#10;  (Session info: chrome=85.0.4183.121)&#10;Build info: version: &apos;3.141.59&apos;, revision: &apos;e82be7d358&apos;, time: &apos;2018-11-14T08:17:03&apos;&#10;System info: host: &apos;DESKTOP-D068G7Q&apos;, ip: &apos;192.168.43.200&apos;, os.name: &apos;Windows 10&apos;, os.arch: &apos;amd64&apos;, os.version: &apos;10.0&apos;, java.version: &apos;1.8.0_261&apos;&#10;Driver info: driver.version: ChromeDriver&#10;remote stacktrace: Backtrace:&#10;	Ordinal0 [0x00BAD383+3134339]&#10;	Ordinal0 [0x00A9A171+2007409]&#10;	Ordinal0 [0x0093AD90+568720]&#10;	Ordinal0 [0x00931364+529252]&#10;	Ordinal0 [0x009319FC+530940]&#10;	Ordinal0 [0x00932C15+535573]&#10;	Ordinal0 [0x0092DFC5+516037]&#10;	Ordinal0 [0x0093BF70+573296]&#10;	Ordinal0 [0x008E1916+203030]&#10;	Ordinal0 [0x008E0C1D+199709]&#10;	Ordinal0 [0x008DEB0B+191243]&#10;	Ordinal0 [0x008C2E77+77431]&#10;	Ordinal0 [0x008C3E3E+81470]&#10;	Ordinal0 [0x008C3DC9+81353]&#10;	Ordinal0 [0x00AB0CD9+2100441]&#10;	GetHandleVerifier [0x00D1B75A+1396954]&#10;	GetHandleVerifier [0x00D1B3D9+1396057]&#10;	GetHandleVerifier [0x00D27126+1444518]&#10;	GetHandleVerifier [0x00D1BCE8+1398376]&#10;	Ordinal0 [0x00AA7F51+2064209]&#10;	Ordinal0 [0x00AB22EB+2106091]&#10;	Ordinal0 [0x00AB2411+2106385]&#10;	Ordinal0 [0x00AC49C4+2181572]&#10;	BaseThreadInitThunk [0x77A96359+25]&#10;	RtlGetAppContainerNamedObjectPath [0x77DD7C24+228]&#10;	RtlGetAppContainerNamedObjectPath [0x77DD7BF4+180]&#10;"/>
  </testcase>
  <testcase name="searchUserByEmployeeNumber" classname="com.kuda.testCases.UserManagement" time="0">
    <skipped message="session not created&#10;from chrome not reachable&#10;  (Session info: chrome=85.0.4183.121)&#10;Build info: version: &apos;3.141.59&apos;, revision: &apos;e82be7d358&apos;, time: &apos;2018-11-14T08:17:03&apos;&#10;System info: host: &apos;DESKTOP-D068G7Q&apos;, ip: &apos;192.168.43.200&apos;, os.name: &apos;Windows 10&apos;, os.arch: &apos;amd64&apos;, os.version: &apos;10.0&apos;, java.version: &apos;1.8.0_261&apos;&#10;Driver info: driver.version: ChromeDriver&#10;remote stacktrace: Backtrace:&#10;	Ordinal0 [0x00BAD383+3134339]&#10;	Ordinal0 [0x00A9A171+2007409]&#10;	Ordinal0 [0x0093AD90+568720]&#10;	Ordinal0 [0x00931364+529252]&#10;	Ordinal0 [0x009319FC+530940]&#10;	Ordinal0 [0x00932C15+535573]&#10;	Ordinal0 [0x0092DFC5+516037]&#10;	Ordinal0 [0x0093BF70+573296]&#10;	Ordinal0 [0x008E1916+203030]&#10;	Ordinal0 [0x008E0C1D+199709]&#10;	Ordinal0 [0x008DEB0B+191243]&#10;	Ordinal0 [0x008C2E77+77431]&#10;	Ordinal0 [0x008C3E3E+81470]&#10;	Ordinal0 [0x008C3DC9+81353]&#10;	Ordinal0 [0x00AB0CD9+2100441]&#10;	GetHandleVerifier [0x00D1B75A+1396954]&#10;	GetHandleVerifier [0x00D1B3D9+1396057]&#10;	GetHandleVerifier [0x00D27126+1444518]&#10;	GetHandleVerifier [0x00D1BCE8+1398376]&#10;	Ordinal0 [0x00AA7F51+2064209]&#10;	Ordinal0 [0x00AB22EB+2106091]&#10;	Ordinal0 [0x00AB2411+2106385]&#10;	Ordinal0 [0x00AC49C4+2181572]&#10;	BaseThreadInitThunk [0x77A96359+25]&#10;	RtlGetAppContainerNamedObjectPath [0x77DD7C24+228]&#10;	RtlGetAppContainerNamedObjectPath [0x77DD7BF4+180]&#10;"/>
  </testcase>
  <testcase name="searchUserByEmail" classname="com.kuda.testCases.UserManagement" time="0">
    <skipped message="session not created&#10;from chrome not reachable&#10;  (Session info: chrome=85.0.4183.121)&#10;Build info: version: &apos;3.141.59&apos;, revision: &apos;e82be7d358&apos;, time: &apos;2018-11-14T08:17:03&apos;&#10;System info: host: &apos;DESKTOP-D068G7Q&apos;, ip: &apos;192.168.43.200&apos;, os.name: &apos;Windows 10&apos;, os.arch: &apos;amd64&apos;, os.version: &apos;10.0&apos;, java.version: &apos;1.8.0_261&apos;&#10;Driver info: driver.version: ChromeDriver&#10;remote stacktrace: Backtrace:&#10;	Ordinal0 [0x00BAD383+3134339]&#10;	Ordinal0 [0x00A9A171+2007409]&#10;	Ordinal0 [0x0093AD90+568720]&#10;	Ordinal0 [0x00931364+529252]&#10;	Ordinal0 [0x009319FC+530940]&#10;	Ordinal0 [0x00932C15+535573]&#10;	Ordinal0 [0x0092DFC5+516037]&#10;	Ordinal0 [0x0093BF70+573296]&#10;	Ordinal0 [0x008E1916+203030]&#10;	Ordinal0 [0x008E0C1D+199709]&#10;	Ordinal0 [0x008DEB0B+191243]&#10;	Ordinal0 [0x008C2E77+77431]&#10;	Ordinal0 [0x008C3E3E+81470]&#10;	Ordinal0 [0x008C3DC9+81353]&#10;	Ordinal0 [0x00AB0CD9+2100441]&#10;	GetHandleVerifier [0x00D1B75A+1396954]&#10;	GetHandleVerifier [0x00D1B3D9+1396057]&#10;	GetHandleVerifier [0x00D27126+1444518]&#10;	GetHandleVerifier [0x00D1BCE8+1398376]&#10;	Ordinal0 [0x00AA7F51+2064209]&#10;	Ordinal0 [0x00AB22EB+2106091]&#10;	Ordinal0 [0x00AB2411+2106385]&#10;	Ordinal0 [0x00AC49C4+2181572]&#10;	BaseThreadInitThunk [0x77A96359+25]&#10;	RtlGetAppContainerNamedObjectPath [0x77DD7C24+228]&#10;	RtlGetAppContainerNamedObjectPath [0x77DD7BF4+180]&#10;"/>
  </testcase>
  <testcase name="searchUserBylastName" classname="com.kuda.testCases.UserManagement" time="0">
    <skipped message="session not created&#10;from chrome not reachable&#10;  (Session info: chrome=85.0.4183.121)&#10;Build info: version: &apos;3.141.59&apos;, revision: &apos;e82be7d358&apos;, time: &apos;2018-11-14T08:17:03&apos;&#10;System info: host: &apos;DESKTOP-D068G7Q&apos;, ip: &apos;192.168.43.200&apos;, os.name: &apos;Windows 10&apos;, os.arch: &apos;amd64&apos;, os.version: &apos;10.0&apos;, java.version: &apos;1.8.0_261&apos;&#10;Driver info: driver.version: ChromeDriver&#10;remote stacktrace: Backtrace:&#10;	Ordinal0 [0x00BAD383+3134339]&#10;	Ordinal0 [0x00A9A171+2007409]&#10;	Ordinal0 [0x0093AD90+568720]&#10;	Ordinal0 [0x00931364+529252]&#10;	Ordinal0 [0x009319FC+530940]&#10;	Ordinal0 [0x00932C15+535573]&#10;	Ordinal0 [0x0092DFC5+516037]&#10;	Ordinal0 [0x0093BF70+573296]&#10;	Ordinal0 [0x008E1916+203030]&#10;	Ordinal0 [0x008E0C1D+199709]&#10;	Ordinal0 [0x008DEB0B+191243]&#10;	Ordinal0 [0x008C2E77+77431]&#10;	Ordinal0 [0x008C3E3E+81470]&#10;	Ordinal0 [0x008C3DC9+81353]&#10;	Ordinal0 [0x00AB0CD9+2100441]&#10;	GetHandleVerifier [0x00D1B75A+1396954]&#10;	GetHandleVerifier [0x00D1B3D9+1396057]&#10;	GetHandleVerifier [0x00D27126+1444518]&#10;	GetHandleVerifier [0x00D1BCE8+1398376]&#10;	Ordinal0 [0x00AA7F51+2064209]&#10;	Ordinal0 [0x00AB22EB+2106091]&#10;	Ordinal0 [0x00AB2411+2106385]&#10;	Ordinal0 [0x00AC49C4+2181572]&#10;	BaseThreadInitThunk [0x77A96359+25]&#10;	RtlGetAppContainerNamedObjectPath [0x77DD7C24+228]&#10;	RtlGetAppContainerNamedObjectPath [0x77DD7BF4+180]&#10;"/>
  </testcase>
  <testcase name="tearDown" classname="com.kuda.testCases.UserManagement" time="0">
    <skipped/>
  </testcase>
</testsuite>