<?xml version="1.0" encoding="UTF-8"?>
<testsuite xmlns:xsi="http://www.w3.org/2001/XMLSchema-instance" xsi:schemaLocation="https://maven.apache.org/surefire/maven-surefire-plugin/xsd/surefire-test-report.xsd" name="TestSuite" time="459.48" tests="28" errors="0" skipped="0" failures="0">
  <properties>
    <property name="java.runtime.name" value="Java(TM) SE Runtime Environment"/>
    <property name="sun.boot.library.path" value="C:\Program Files\Java\jdk1.8.0_261\jre\bin"/>
    <property name="java.vm.version" value="25.261-b12"/>
    <property name="java.vm.vendor" value="Oracle Corporation"/>
    <property name="maven.multiModuleProjectDirectory" value="C:\Nerve_Automation"/>
    <property name="java.vendor.url" value="http://java.oracle.com/"/>
    <property name="path.separator" value=";"/>
    <property name="guice.disable.misplaced.annotation.check" value="true"/>
    <property name="java.vm.name" value="Java HotSpot(TM) 64-Bit Server VM"/>
    <property name="file.encoding.pkg" value="sun.io"/>
    <property name="user.script" value=""/>
    <property name="user.country" value="US"/>
    <property name="sun.java.launcher" value="SUN_STANDARD"/>
    <property name="sun.os.patch.level" value=""/>
    <property name="java.vm.specification.name" value="Java Virtual Machine Specification"/>
    <property name="user.dir" value="C:\Nerve_Automation"/>
    <property name="java.runtime.version" value="1.8.0_261-b12"/>
    <property name="java.awt.graphicsenv" value="sun.awt.Win32GraphicsEnvironment"/>
    <property name="java.endorsed.dirs" value="C:\Program Files\Java\jdk1.8.0_261\jre\lib\endorsed"/>
    <property name="os.arch" value="amd64"/>
    <property name="java.io.tmpdir" value="C:\Users\Gbenga\AppData\Local\Temp\"/>
    <property name="line.separator" value="&#10;"/>
    <property name="java.vm.specification.vendor" value="Oracle Corporation"/>
    <property name="user.variant" value=""/>
    <property name="os.name" value="Windows 10"/>
    <property name="classworlds.conf" value="C:\apache-maven-3.6.3\bin\..\bin\m2.conf"/>
    <property name="sun.jnu.encoding" value="Cp1252"/>
    <property name="java.library.path" value="C:\Program Files\Java\jdk1.8.0_261\bin;C:\WINDOWS\Sun\Java\bin;C:\WINDOWS\system32;C:\WINDOWS;C:\Program Files (x86)\Common Files\Oracle\Java\javapath;C:\WINDOWS\system32;C:\WINDOWS;C:\WINDOWS\System32\Wbem;C:\WINDOWS\System32\WindowsPowerShell\v1.0\;C:\WINDOWS\System32\OpenSSH\;C:\Program Files\Java\jdk1.8.0_261\bin;C:\apache-maven-3.6.3\bin;C:\Program Files\Git\cmd;C:\Users\Gbenga\AppData\Local\Microsoft\WindowsApps;;."/>
    <property name="maven.conf" value="C:\apache-maven-3.6.3\bin\../conf"/>
    <property name="java.specification.name" value="Java Platform API Specification"/>
    <property name="java.class.version" value="52.0"/>
    <property name="sun.management.compiler" value="HotSpot 64-Bit Tiered Compilers"/>
    <property name="os.version" value="10.0"/>
    <property name="library.jansi.path" value="C:\apache-maven-3.6.3\bin\..\lib\jansi-native"/>
    <property name="user.home" value="C:\Users\Gbenga"/>
    <property name="user.timezone" value="America/Los_Angeles"/>
    <property name="java.awt.printerjob" value="sun.awt.windows.WPrinterJob"/>
    <property name="java.specification.version" value="1.8"/>
    <property name="file.encoding" value="Cp1252"/>
    <property name="user.name" value="Gbenga"/>
    <property name="java.class.path" value="C:\apache-maven-3.6.3\bin\..\boot\plexus-classworlds-2.6.0.jar"/>
    <property name="java.vm.specification.version" value="1.8"/>
    <property name="sun.arch.data.model" value="64"/>
    <property name="java.home" value="C:\Program Files\Java\jdk1.8.0_261\jre"/>
    <property name="sun.java.command" value="org.codehaus.plexus.classworlds.launcher.Launcher clean test"/>
    <property name="java.specification.vendor" value="Oracle Corporation"/>
    <property name="user.language" value="en"/>
    <property name="awt.toolkit" value="sun.awt.windows.WToolkit"/>
    <property name="java.vm.info" value="mixed mode"/>
    <property name="java.version" value="1.8.0_261"/>
    <property name="java.ext.dirs" value="C:\Program Files\Java\jdk1.8.0_261\jre\lib\ext;C:\WINDOWS\Sun\Java\lib\ext"/>
    <property name="sun.boot.class.path" value="C:\Program Files\Java\jdk1.8.0_261\jre\lib\resources.jar;C:\Program Files\Java\jdk1.8.0_261\jre\lib\rt.jar;C:\Program Files\Java\jdk1.8.0_261\jre\lib\sunrsasign.jar;C:\Program Files\Java\jdk1.8.0_261\jre\lib\jsse.jar;C:\Program Files\Java\jdk1.8.0_261\jre\lib\jce.jar;C:\Program Files\Java\jdk1.8.0_261\jre\lib\charsets.jar;C:\Program Files\Java\jdk1.8.0_261\jre\lib\jfr.jar;C:\Program Files\Java\jdk1.8.0_261\jre\classes"/>
    <property name="sun.stderr.encoding" value="cp437"/>
    <property name="java.vendor" value="Oracle Corporation"/>
    <property name="maven.home" value="C:\apache-maven-3.6.3\bin\.."/>
    <property name="file.separator" value="\"/>
    <property name="java.vendor.url.bug" value="http://bugreport.sun.com/bugreport/"/>
    <property name="sun.cpu.endian" value="little"/>
    <property name="sun.io.unicode.encoding" value="UnicodeLittle"/>
    <property name="sun.stdout.encoding" value="cp437"/>
    <property name="sun.desktop" value="windows"/>
    <property name="sun.cpu.isalist" value="amd64"/>
  </properties>
  <testcase name="googleSign" classname="com.kuda.testCases.ValidateLogin" time="22.406"/>
  <testcase name="viewBranches" classname="com.kuda.testCases.BranchManagement" time="30.568"/>
  <testcase name="viewCASAccount" classname="com.kuda.testCases.CustomerAccountManagement" time="28.858"/>
  <testcase name="searchByAccountName" classname="com.kuda.testCases.CustomerAccountManagement" time="3.3"/>
  <testcase name="searchByAccountNumber" classname="com.kuda.testCases.CustomerAccountManagement" time="3.485"/>
  <testcase name="searchByAccountEmail" classname="com.kuda.testCases.CustomerAccountManagement" time="3.96"/>
  <testcase name="viewAccountBalance" classname="com.kuda.testCases.CustomerAccountManagement" time="6.618"/>
  <testcase name="editCustomerAccount" classname="com.kuda.testCases.CustomerAccountManagement" time="24.722"/>
  <testcase name="createCustomerAccount" classname="com.kuda.testCases.CustomerAccountManagement" time="26.206"/>
  <testcase name="viewCustomers" classname="com.kuda.testCases.CustomerInfoManagement" time="26.386"/>
  <testcase name="searchCustomerByName" classname="com.kuda.testCases.CustomerInfoManagement" time="3.914"/>
  <testcase name="searchByCustomerEmail" classname="com.kuda.testCases.CustomerInfoManagement" time="3.75"/>
  <testcase name="searchCustomerById" classname="com.kuda.testCases.CustomerInfoManagement" time="3.593"/>
  <testcase name="createCustomer" classname="com.kuda.testCases.CustomerInfoManagement" time="18.063"/>
  <testcase name="verifyLocalFundTransfer" classname="com.kuda.postingsMgt.ValidateLocalTransfer" time="61.381"/>
  <testcase name="glToglTransfer" classname="com.kuda.postingsMgt.ValidateSingleJournalTransfer" time="38.922"/>
  <testcase name="viewGLAccounts" classname="com.kuda.testCases.GeneralLedgerManagement" time="26.421"/>
  <testcase name="searchGLByName" classname="com.kuda.testCases.GeneralLedgerManagement" time="5.267"/>
  <testcase name="searchGLByCode" classname="com.kuda.testCases.GeneralLedgerManagement" time="6.534"/>
  <testcase name="viewGLBalance" classname="com.kuda.testCases.GeneralLedgerManagement" time="2.196"/>
  <testcase name="editGeneralLedgerAccount" classname="com.kuda.testCases.GeneralLedgerManagement" time="0.001"/>
  <testcase name="viewUsers" classname="com.kuda.testCases.UserManagement" time="21.611"/>
  <testcase name="searchUsersByUserName" classname="com.kuda.testCases.UserManagement" time="2.308"/>
  <testcase name="searchUserByDesignation" classname="com.kuda.testCases.UserManagement" time="0.279"/>
  <testcase name="searchUserByPhoneNumber" classname="com.kuda.testCases.UserManagement" time="0.158"/>
  <testcase name="searchUserByEmployeeNumber" classname="com.kuda.testCases.UserManagement" time="0"/>
  <testcase name="searchUserByEmail" classname="com.kuda.testCases.UserManagement" time="0"/>
  <testcase name="searchUserBylastName" classname="com.kuda.testCases.UserManagement" time="0"/>
</testsuite>