<?xml version="1.0" encoding="UTF-8"?>
<!-- Generated by org.testng.reporters.JUnitReportReporter -->
<testsuite hostname="DESKTOP-F4OKUJH" failures="0" tests="1" name="com.kuda.testCases.ValidateLogin" time="15.090" errors="0" timestamp="2020-10-02T21:45:20 WAT" skipped="0">
  <testcase classname="com.kuda.testCases.ValidateLogin" name="googleSign" time="15.090"/>
  <system-out/>
</testsuite> <!-- com.kuda.testCases.ValidateLogin -->
