<?xml version="1.0" encoding="UTF-8"?>
<!-- Generated by org.testng.reporters.JUnitReportReporter -->
<testsuite hostname="DESKTOP-D068G7Q" failures="0" tests="1" name="com.kuda.testCases.ValidateLogin" time="7.095" errors="0" timestamp="2020-11-18T15:54:12 WAT" skipped="0">
  <testcase classname="com.kuda.testCases.ValidateLogin" name="googleSign" time="7.095"/>
  <system-out>
Login Test Completed Successfully  </system-out>
</testsuite> <!-- com.kuda.testCases.ValidateLogin -->
