<?xml version="1.0" encoding="UTF-8"?>
<!-- Generated by org.testng.reporters.JUnitReportReporter -->
<testsuite hostname="DESKTOP-F4OKUJH" failures="0" tests="1" name="com.kuda.testCases.BranchManagement" time="26.910" errors="0" timestamp="2020-10-02T22:50:28 WAT" skipped="0">
  <testcase classname="com.kuda.testCases.BranchManagement" name="viewBranches" time="26.910"/>
  <system-out/>
</testsuite> <!-- com.kuda.testCases.BranchManagement -->
