<?xml version="1.0" encoding="UTF-8"?>
<!-- Generated by org.testng.reporters.JUnitReportReporter -->
<testsuite hostname="DESKTOP-F4OKUJH" failures="0" tests="1" name="com.kuda.postingsMgt.SingleJournalTransfer" time="46.787" errors="0" timestamp="2020-09-10T10:23:36 WAT" skipped="0">
  <testcase classname="com.kuda.postingsMgt.SingleJournalTransfer" name="glToglTransfer" time="46.787"/>
  <system-out/>
</testsuite> <!-- com.kuda.postingsMgt.SingleJournalTransfer -->
