<?xml version="1.0" encoding="UTF-8"?>
<!-- Generated by org.testng.reporters.JUnitReportReporter -->
<testsuite hostname="DESKTOP-F4OKUJH" failures="0" tests="1" name="com.kuda.postingsMgt.LocalTransfer" time="59.968" errors="0" timestamp="2020-09-10T06:39:28 WAT" skipped="0">
  <testcase classname="com.kuda.postingsMgt.LocalTransfer" name="verifyLocalFundTransfer" time="59.968"/>
  <system-out/>
</testsuite> <!-- com.kuda.postingsMgt.LocalTransfer -->
