<?xml version="1.0" encoding="UTF-8"?>
<!-- Generated by org.testng.reporters.JUnitReportReporter -->
<testsuite hostname="DESKTOP-D068G7Q" failures="0" tests="1" name="com.kuda.postingsMgt.ValidateLocalTransfer" time="49.347" errors="0" timestamp="2020-12-07T00:42:01 WAT" skipped="0">
  <testcase classname="com.kuda.postingsMgt.ValidateLocalTransfer" name="verifyLocalFundTransfer" time="49.347"/>
  <system-out>
Login Test Completed Successfully  </system-out>
</testsuite> <!-- com.kuda.postingsMgt.ValidateLocalTransfer -->
