<?xml version="1.0" encoding="UTF-8"?>
<!-- Generated by org.testng.reporters.JUnitReportReporter -->
<testsuite hostname="DESKTOP-F4OKUJH" failures="0" tests="7" name="com.kuda.testCases.CustomerAccountManagement" time="73.123" errors="0" timestamp="2020-10-02T21:45:20 WAT" skipped="0">
  <testcase classname="com.kuda.testCases.CustomerAccountManagement" name="viewCASAccount" time="19.927"/>
  <system-out/>
  <testcase classname="com.kuda.testCases.CustomerAccountManagement" name="searchByAccountName" time="2.243"/>
  <system-out/>
  <testcase classname="com.kuda.testCases.CustomerAccountManagement" name="searchByAccountNumber" time="2.840"/>
  <system-out/>
  <testcase classname="com.kuda.testCases.CustomerAccountManagement" name="searchByAccountEmail" time="3.469"/>
  <system-out/>
  <testcase classname="com.kuda.testCases.CustomerAccountManagement" name="viewAccountBalance" time="6.166"/>
  <system-out/>
  <testcase classname="com.kuda.testCases.CustomerAccountManagement" name="editCustomerAccount" time="15.605"/>
  <system-out/>
  <testcase classname="com.kuda.testCases.CustomerAccountManagement" name="createCustomerAccount" time="22.873"/>
  <system-out/>
</testsuite> <!-- com.kuda.testCases.CustomerAccountManagement -->
