<?xml version="1.0" encoding="UTF-8"?>
<!-- Generated by org.testng.reporters.JUnitReportReporter -->
<testsuite hostname="DESKTOP-D068G7Q" failures="0" tests="5" name="com.kuda.testCases.CustomerInfoManagement" time="67.440" errors="0" timestamp="2020-12-07T02:20:18 WAT" skipped="0">
  <testcase classname="com.kuda.testCases.CustomerInfoManagement" name="viewCustomers" time="31.047"/>
  <system-out>
Login Test Completed Successfully  </system-out>
  <testcase classname="com.kuda.testCases.CustomerInfoManagement" name="searchCustomerByName" time="7.285"/>
  <system-out/>
  <testcase classname="com.kuda.testCases.CustomerInfoManagement" name="searchByCustomerEmail" time="7.257"/>
  <system-out/>
  <testcase classname="com.kuda.testCases.CustomerInfoManagement" name="searchCustomerById" time="3.212"/>
  <system-out/>
  <testcase classname="com.kuda.testCases.CustomerInfoManagement" name="createCustomer" time="18.639"/>
  <system-out/>
</testsuite> <!-- com.kuda.testCases.CustomerInfoManagement -->
