<?xml version="1.0" encoding="UTF-8"?>
<!-- Generated by org.testng.reporters.JUnitReportReporter -->
<testsuite hostname="DESKTOP-F4OKUJH" failures="0" tests="1" name="com.kuda.postingsMgt.ValidateSingleJournalTransfer" time="29.756" errors="0" timestamp="2020-10-02T21:45:20 WAT" skipped="0">
  <testcase classname="com.kuda.postingsMgt.ValidateSingleJournalTransfer" name="glToglTransfer" time="29.756"/>
  <system-out/>
</testsuite> <!-- com.kuda.postingsMgt.ValidateSingleJournalTransfer -->
