<?xml version="1.0" encoding="UTF-8"?>
<!-- Generated by org.testng.reporters.JUnitReportReporter -->
<testsuite skipped="0" hostname="DESKTOP-D068G7Q" name="com.kuda.testCases.CustomerAccountManagement" tests="7" failures="0" timestamp="2020-10-09T09:05:05 PDT" time="81.320" errors="0">
  <testcase name="viewCASAccount" time="19.803" classname="com.kuda.testCases.CustomerAccountManagement"/>
  <system-out/>
  <testcase name="searchByAccountName" time="2.904" classname="com.kuda.testCases.CustomerAccountManagement"/>
  <system-out/>
  <testcase name="searchByAccountNumber" time="2.878" classname="com.kuda.testCases.CustomerAccountManagement"/>
  <system-out/>
  <testcase name="searchByAccountEmail" time="2.714" classname="com.kuda.testCases.CustomerAccountManagement"/>
  <system-out/>
  <testcase name="viewAccountBalance" time="6.257" classname="com.kuda.testCases.CustomerAccountManagement"/>
  <system-out/>
  <testcase name="editCustomerAccount" time="23.351" classname="com.kuda.testCases.CustomerAccountManagement"/>
  <system-out/>
  <testcase name="createCustomerAccount" time="23.413" classname="com.kuda.testCases.CustomerAccountManagement"/>
  <system-out/>
</testsuite> <!-- com.kuda.testCases.CustomerAccountManagement -->
