<?xml version="1.0" encoding="UTF-8"?>
<!-- Generated by org.testng.reporters.JUnitReportReporter -->
<testsuite hostname="DESKTOP-D068G7Q" failures="0" tests="5" name="com.kuda.testCases.GeneralLedgerManagement" time="88.244" errors="0" timestamp="2020-11-07T21:37:44 WAT" skipped="0">
  <testcase classname="com.kuda.testCases.GeneralLedgerManagement" name="viewGLAccounts" time="62.084"/>
  <system-out>
Login Test Completed Successfully  </system-out>
  <testcase classname="com.kuda.testCases.GeneralLedgerManagement" name="searchGLByName" time="12.110"/>
  <system-out/>
  <testcase classname="com.kuda.testCases.GeneralLedgerManagement" name="searchGLByCode" time="11.624"/>
  <system-out/>
  <testcase classname="com.kuda.testCases.GeneralLedgerManagement" name="viewGLBalance" time="2.425"/>
  <system-out/>
  <testcase classname="com.kuda.testCases.GeneralLedgerManagement" name="editGeneralLedgerAccount" time="0.001"/>
  <system-out/>
</testsuite> <!-- com.kuda.testCases.GeneralLedgerManagement -->
