<?xml version="1.0" encoding="UTF-8"?>
<!-- Generated by org.testng.reporters.JUnitReportReporter -->
<testsuite skipped="0" hostname="DESKTOP-D068G7Q" name="com.kuda.testCases.CustomerInfoManagement" tests="5" failures="0" timestamp="2020-10-05T01:08:03 PDT" time="55.199" errors="0">
  <testcase name="viewCustomers" time="29.244" classname="com.kuda.testCases.CustomerInfoManagement"/>
  <system-out/>
  <testcase name="searchCustomerByName" time="3.615" classname="com.kuda.testCases.CustomerInfoManagement"/>
  <system-out/>
  <testcase name="searchByCustomerEmail" time="3.619" classname="com.kuda.testCases.CustomerInfoManagement"/>
  <system-out/>
  <testcase name="searchCustomerById" time="3.469" classname="com.kuda.testCases.CustomerInfoManagement"/>
  <system-out/>
  <testcase name="createCustomer" time="15.252" classname="com.kuda.testCases.CustomerInfoManagement"/>
  <system-out/>
</testsuite> <!-- com.kuda.testCases.CustomerInfoManagement -->
