<?xml version="1.0" encoding="UTF-8"?>
<!-- Generated by org.testng.reporters.JUnitReportReporter -->
<testsuite skipped="0" hostname="DESKTOP-D068G7Q" name="com.kuda.testCases.BranchManagement" tests="1" failures="0" timestamp="2020-10-05T08:11:47 PDT" time="19.541" errors="0">
  <testcase name="viewBranches" time="19.541" classname="com.kuda.testCases.BranchManagement"/>
  <system-out/>
</testsuite> <!-- com.kuda.testCases.BranchManagement -->
