<?xml version="1.0" encoding="UTF-8"?>
<!-- Generated by org.testng.reporters.JUnitReportReporter -->
<testsuite skipped="0" hostname="DESKTOP-D068G7Q" name="com.kuda.testCases.BranchManagement" tests="1" failures="0" timestamp="2020-10-09T09:05:05 PDT" time="19.255" errors="0">
  <testcase name="viewBranches" time="19.255" classname="com.kuda.testCases.BranchManagement"/>
  <system-out/>
</testsuite> <!-- com.kuda.testCases.BranchManagement -->
