<?xml version="1.0" encoding="UTF-8"?>
<!-- Generated by org.testng.reporters.JUnitReportReporter -->
<testsuite skipped="0" hostname="DESKTOP-D068G7Q" name="com.kuda.testCases.CustomerInfoManagement" tests="5" failures="0" timestamp="2020-10-09T09:05:05 PDT" time="42.463" errors="0">
  <testcase name="viewCustomers" time="21.765" classname="com.kuda.testCases.CustomerInfoManagement"/>
  <system-out/>
  <testcase name="searchCustomerByName" time="3.256" classname="com.kuda.testCases.CustomerInfoManagement"/>
  <system-out/>
  <testcase name="searchByCustomerEmail" time="3.201" classname="com.kuda.testCases.CustomerInfoManagement"/>
  <system-out/>
  <testcase name="searchCustomerById" time="3.196" classname="com.kuda.testCases.CustomerInfoManagement"/>
  <system-out/>
  <testcase name="createCustomer" time="11.045" classname="com.kuda.testCases.CustomerInfoManagement"/>
  <system-out/>
</testsuite> <!-- com.kuda.testCases.CustomerInfoManagement -->
