<?xml version="1.0" encoding="UTF-8"?>
<!-- Generated by org.testng.reporters.JUnitReportReporter -->
<testsuite skipped="0" hostname="DESKTOP-D068G7Q" name="com.kuda.testCases.CustomerInfoManagement" tests="5" failures="0" timestamp="2020-10-11T16:48:05 WAT" time="45.545" errors="0">
  <testcase name="viewCustomers" time="21.196" classname="com.kuda.testCases.CustomerInfoManagement"/>
  <system-out/>
  <testcase name="searchCustomerByName" time="3.708" classname="com.kuda.testCases.CustomerInfoManagement"/>
  <system-out/>
  <testcase name="searchByCustomerEmail" time="3.575" classname="com.kuda.testCases.CustomerInfoManagement"/>
  <system-out/>
  <testcase name="searchCustomerById" time="3.610" classname="com.kuda.testCases.CustomerInfoManagement"/>
  <system-out/>
  <testcase name="createCustomer" time="13.456" classname="com.kuda.testCases.CustomerInfoManagement"/>
  <system-out/>
</testsuite> <!-- com.kuda.testCases.CustomerInfoManagement -->
