<?xml version="1.0" encoding="UTF-8"?>
<!-- Generated by org.testng.reporters.JUnitReportReporter -->
<testsuite skipped="0" hostname="DESKTOP-D068G7Q" name="com.kuda.testCases.ValidateLogin" tests="1" failures="0" timestamp="2020-10-11T16:48:05 WAT" time="6.066" errors="0">
  <testcase name="googleSign" time="6.066" classname="com.kuda.testCases.ValidateLogin"/>
  <system-out/>
</testsuite> <!-- com.kuda.testCases.ValidateLogin -->
