<?xml version="1.0" encoding="UTF-8"?>
<!-- Generated by org.testng.reporters.JUnitReportReporter -->
<testsuite skipped="0" hostname="DESKTOP-D068G7Q" name="com.kuda.postingsMgt.ValidateLocalTransfer" tests="1" failures="0" timestamp="2020-10-11T16:48:05 WAT" time="76.239" errors="0">
  <testcase name="verifyLocalFundTransfer" time="76.239" classname="com.kuda.postingsMgt.ValidateLocalTransfer"/>
  <system-out/>
</testsuite> <!-- com.kuda.postingsMgt.ValidateLocalTransfer -->
