<?xml version="1.0" encoding="UTF-8"?>
<!-- Generated by org.testng.reporters.JUnitReportReporter -->
<testsuite hostname="DESKTOP-D068G7Q" failures="0" tests="1" name="com.kuda.postingsMgt.ValidateLocalTransfer" time="69.609" errors="0" timestamp="2020-11-07T21:37:44 WAT" skipped="0">
  <testcase classname="com.kuda.postingsMgt.ValidateLocalTransfer" name="verifyLocalFundTransfer" time="69.609"/>
  <system-out>
Login Test Completed Successfully  </system-out>
</testsuite> <!-- com.kuda.postingsMgt.ValidateLocalTransfer -->
