<?xml version="1.0" encoding="UTF-8"?>
<!-- Generated by org.testng.reporters.JUnitReportReporter -->
<testsuite skipped="0" hostname="DESKTOP-D068G7Q" name="com.kuda.testCases.CustomerAccountManagement" tests="7" failures="0" timestamp="2020-10-08T07:11:18 PDT" time="97.142" errors="0">
  <testcase name="viewCASAccount" time="28.858" classname="com.kuda.testCases.CustomerAccountManagement"/>
  <system-out/>
  <testcase name="searchByAccountName" time="3.300" classname="com.kuda.testCases.CustomerAccountManagement"/>
  <system-out/>
  <testcase name="searchByAccountNumber" time="3.485" classname="com.kuda.testCases.CustomerAccountManagement"/>
  <system-out/>
  <testcase name="searchByAccountEmail" time="3.959" classname="com.kuda.testCases.CustomerAccountManagement"/>
  <system-out/>
  <testcase name="viewAccountBalance" time="6.618" classname="com.kuda.testCases.CustomerAccountManagement"/>
  <system-out/>
  <testcase name="editCustomerAccount" time="24.721" classname="com.kuda.testCases.CustomerAccountManagement"/>
  <system-out/>
  <testcase name="createCustomerAccount" time="26.201" classname="com.kuda.testCases.CustomerAccountManagement"/>
  <system-out/>
</testsuite> <!-- com.kuda.testCases.CustomerAccountManagement -->
