<?xml version="1.0" encoding="UTF-8"?>
<!-- Generated by org.testng.reporters.JUnitReportReporter -->
<testsuite skipped="0" hostname="DESKTOP-D068G7Q" name="com.kuda.testCases.CustomerAccountManagement" tests="7" failures="0" timestamp="2020-10-11T16:48:05 WAT" time="85.583" errors="0">
  <testcase name="viewCASAccount" time="22.621" classname="com.kuda.testCases.CustomerAccountManagement"/>
  <system-out/>
  <testcase name="searchByAccountName" time="3.190" classname="com.kuda.testCases.CustomerAccountManagement"/>
  <system-out/>
  <testcase name="searchByAccountNumber" time="3.032" classname="com.kuda.testCases.CustomerAccountManagement"/>
  <system-out/>
  <testcase name="searchByAccountEmail" time="3.307" classname="com.kuda.testCases.CustomerAccountManagement"/>
  <system-out/>
  <testcase name="viewAccountBalance" time="6.440" classname="com.kuda.testCases.CustomerAccountManagement"/>
  <system-out/>
  <testcase name="editCustomerAccount" time="22.256" classname="com.kuda.testCases.CustomerAccountManagement"/>
  <system-out/>
  <testcase name="createCustomerAccount" time="24.737" classname="com.kuda.testCases.CustomerAccountManagement"/>
  <system-out/>
</testsuite> <!-- com.kuda.testCases.CustomerAccountManagement -->
