<?xml version="1.0" encoding="UTF-8"?>
<!-- Generated by org.testng.reporters.JUnitReportReporter -->
<testsuite skipped="0" hostname="DESKTOP-D068G7Q" name="com.kuda.testCases.UserManagement" tests="7" failures="0" timestamp="2020-10-08T07:11:18 PDT" time="24.355" errors="0">
  <testcase name="viewUsers" time="21.611" classname="com.kuda.testCases.UserManagement"/>
  <system-out/>
  <testcase name="searchUsersByUserName" time="2.308" classname="com.kuda.testCases.UserManagement"/>
  <system-out/>
  <testcase name="searchUserByDesignation" time="0.278" classname="com.kuda.testCases.UserManagement"/>
  <system-out/>
  <testcase name="searchUserByPhoneNumber" time="0.158" classname="com.kuda.testCases.UserManagement"/>
  <system-out/>
  <testcase name="searchUserByEmployeeNumber" time="0.000" classname="com.kuda.testCases.UserManagement"/>
  <system-out/>
  <testcase name="searchUserByEmail" time="0.000" classname="com.kuda.testCases.UserManagement"/>
  <system-out/>
  <testcase name="searchUserBylastName" time="0.000" classname="com.kuda.testCases.UserManagement"/>
  <system-out/>
</testsuite> <!-- com.kuda.testCases.UserManagement -->
