<?xml version="1.0" encoding="UTF-8"?>
<!-- Generated by org.testng.reporters.JUnitReportReporter -->
<testsuite hostname="DESKTOP-D068G7Q" failures="0" tests="1" name="com.kuda.postingsMgt.ValidateSingleJournalTransfer" time="44.546" errors="0" timestamp="2020-11-07T21:37:44 WAT" skipped="0">
  <testcase classname="com.kuda.postingsMgt.ValidateSingleJournalTransfer" name="glToglTransfer" time="44.546"/>
  <system-out>
Login Test Completed Successfully  </system-out>
</testsuite> <!-- com.kuda.postingsMgt.ValidateSingleJournalTransfer -->
