<?xml version="1.0" encoding="UTF-8"?>
<!-- Generated by org.testng.reporters.JUnitReportReporter -->
<testsuite skipped="0" hostname="DESKTOP-D068G7Q" name="com.kuda.postingsMgt.ValidateSingleJournalTransfer" tests="1" failures="0" timestamp="2020-10-11T16:48:05 WAT" time="57.393" errors="0">
  <testcase name="glToglTransfer" time="57.393" classname="com.kuda.postingsMgt.ValidateSingleJournalTransfer"/>
  <system-out/>
</testsuite> <!-- com.kuda.postingsMgt.ValidateSingleJournalTransfer -->
