<?xml version="1.0" encoding="UTF-8"?>
<!-- Generated by org.testng.reporters.JUnitReportReporter -->
<testsuite hostname="DESKTOP-D068G7Q" failures="0" tests="7" name="com.kuda.testCases.CustomerAccountManagement" time="112.590" errors="0" timestamp="2020-11-07T21:37:44 WAT" skipped="0">
  <testcase classname="com.kuda.testCases.CustomerAccountManagement" name="viewCASAccount" time="30.462"/>
  <system-out>
Login Test Completed Successfully  </system-out>
  <testcase classname="com.kuda.testCases.CustomerAccountManagement" name="searchByAccountName" time="3.312"/>
  <system-out/>
  <testcase classname="com.kuda.testCases.CustomerAccountManagement" name="searchByAccountNumber" time="5.240"/>
  <system-out/>
  <testcase classname="com.kuda.testCases.CustomerAccountManagement" name="searchByAccountEmail" time="3.112"/>
  <system-out/>
  <testcase classname="com.kuda.testCases.CustomerAccountManagement" name="viewAccountBalance" time="6.469"/>
  <system-out/>
  <testcase classname="com.kuda.testCases.CustomerAccountManagement" name="editCustomerAccount" time="40.077"/>
  <system-out/>
  <testcase classname="com.kuda.testCases.CustomerAccountManagement" name="createCustomerAccount" time="23.918"/>
  <system-out/>
</testsuite> <!-- com.kuda.testCases.CustomerAccountManagement -->
