<?xml version="1.0" encoding="UTF-8"?>
<!-- Generated by org.testng.reporters.JUnitReportReporter -->
<testsuite skipped="0" hostname="DESKTOP-D068G7Q" name="com.kuda.testCases.GeneralLedgerManagement" tests="5" failures="0" timestamp="2020-10-09T09:05:05 PDT" time="28.430" errors="0">
  <testcase name="viewGLAccounts" time="16.594" classname="com.kuda.testCases.GeneralLedgerManagement"/>
  <system-out/>
  <testcase name="searchGLByName" time="3.997" classname="com.kuda.testCases.GeneralLedgerManagement"/>
  <system-out/>
  <testcase name="searchGLByCode" time="5.558" classname="com.kuda.testCases.GeneralLedgerManagement"/>
  <system-out/>
  <testcase name="viewGLBalance" time="2.281" classname="com.kuda.testCases.GeneralLedgerManagement"/>
  <system-out/>
  <testcase name="editGeneralLedgerAccount" time="0.000" classname="com.kuda.testCases.GeneralLedgerManagement"/>
  <system-out/>
</testsuite> <!-- com.kuda.testCases.GeneralLedgerManagement -->
