<?xml version="1.0" encoding="UTF-8"?>
<!-- Generated by org.testng.reporters.JUnitReportReporter -->
<testsuite skipped="0" hostname="DESKTOP-D068G7Q" name="com.kuda.postingsMgt.ValidateLocalTransfer" tests="1" failures="0" timestamp="2020-10-08T07:11:18 PDT" time="61.381" errors="0">
  <testcase name="verifyLocalFundTransfer" time="61.381" classname="com.kuda.postingsMgt.ValidateLocalTransfer"/>
  <system-out/>
</testsuite> <!-- com.kuda.postingsMgt.ValidateLocalTransfer -->
