<?xml version="1.0" encoding="UTF-8"?>
<!-- Generated by org.testng.reporters.JUnitReportReporter -->
<testsuite skipped="0" hostname="DESKTOP-D068G7Q" name="com.kuda.testCases.CustomerAccountManagement" tests="7" failures="0" timestamp="2020-10-05T08:11:47 PDT" time="75.530" errors="0">
  <testcase name="viewCASAccount" time="21.232" classname="com.kuda.testCases.CustomerAccountManagement"/>
  <system-out/>
  <testcase name="searchByAccountName" time="2.666" classname="com.kuda.testCases.CustomerAccountManagement"/>
  <system-out/>
  <testcase name="searchByAccountNumber" time="2.916" classname="com.kuda.testCases.CustomerAccountManagement"/>
  <system-out/>
  <testcase name="searchByAccountEmail" time="3.114" classname="com.kuda.testCases.CustomerAccountManagement"/>
  <system-out/>
  <testcase name="viewAccountBalance" time="6.309" classname="com.kuda.testCases.CustomerAccountManagement"/>
  <system-out/>
  <testcase name="editCustomerAccount" time="16.277" classname="com.kuda.testCases.CustomerAccountManagement"/>
  <system-out/>
  <testcase name="createCustomerAccount" time="23.016" classname="com.kuda.testCases.CustomerAccountManagement"/>
  <system-out/>
</testsuite> <!-- com.kuda.testCases.CustomerAccountManagement -->
