<?xml version="1.0" encoding="UTF-8"?>
<!-- Generated by org.testng.reporters.JUnitReportReporter -->
<testsuite hostname="DESKTOP-D068G7Q" failures="0" tests="6" name="com.kuda.testCases.CustomerInfoManagement" time="303.415" errors="1" timestamp="2020-11-07T21:37:44 WAT" skipped="5">
  <testcase classname="com.kuda.testCases.CustomerInfoManagement" name="setUp" time="303.415">
    <error message="timeout: Timed out receiving message from renderer: 298.492
  (Session info: chrome=86.0.4240.183)
Build info: version: &#039;3.141.59&#039;, revision: &#039;e82be7d358&#039;, time: &#039;2018-11-14T08:17:03&#039;
System info: host: &#039;DESKTOP-D068G7Q&#039;, ip: &#039;192.168.43.200&#039;, os.name: &#039;Windows 10&#039;, os.arch: &#039;amd64&#039;, os.version: &#039;10.0&#039;, java.version: &#039;14.0.2&#039;
Driver info: org.openqa.selenium.chrome.ChromeDriver
Capabilities {acceptInsecureCerts: false, browserName: chrome, browserVersion: 86.0.4240.183, chrome: {chromedriverVersion: 85.0.4183.87 (cd6713ebf92fa..., userDataDir: C:\Users\Gbenga\AppData\Loc...}, goog:chromeOptions: {debuggerAddress: localhost:61236}, javascriptEnabled: true, networkConnectionEnabled: false, pageLoadStrategy: normal, platform: WINDOWS, platformName: WINDOWS, proxy: Proxy(), setWindowRect: true, strictFileInteractability: false, timeouts: {implicit: 0, pageLoad: 300000, script: 30000}, unhandledPromptBehavior: dismiss and notify, webauthn:virtualAuthenticators: true}
Session ID: a4b5250ceb8694cc9135cd900d32881c" type="org.openqa.selenium.TimeoutException">
      <![CDATA[org.openqa.selenium.TimeoutException: timeout: Timed out receiving message from renderer: 298.492
  (Session info: chrome=86.0.4240.183)
Build info: version: '3.141.59', revision: 'e82be7d358', time: '2018-11-14T08:17:03'
System info: host: 'DESKTOP-D068G7Q', ip: '192.168.43.200', os.name: 'Windows 10', os.arch: 'amd64', os.version: '10.0', java.version: '14.0.2'
Driver info: org.openqa.selenium.chrome.ChromeDriver
Capabilities {acceptInsecureCerts: false, browserName: chrome, browserVersion: 86.0.4240.183, chrome: {chromedriverVersion: 85.0.4183.87 (cd6713ebf92fa..., userDataDir: C:\Users\Gbenga\AppData\Loc...}, goog:chromeOptions: {debuggerAddress: localhost:61236}, javascriptEnabled: true, networkConnectionEnabled: false, pageLoadStrategy: normal, platform: WINDOWS, platformName: WINDOWS, proxy: Proxy(), setWindowRect: true, strictFileInteractability: false, timeouts: {implicit: 0, pageLoad: 300000, script: 30000}, unhandledPromptBehavior: dismiss and notify, webauthn:virtualAuthenticators: true}
Session ID: a4b5250ceb8694cc9135cd900d32881c
at java.base/jdk.internal.reflect.NativeConstructorAccessorImpl.newInstance0(Native Method)
at java.base/jdk.internal.reflect.NativeConstructorAccessorImpl.newInstance(NativeConstructorAccessorImpl.java:62)
at java.base/jdk.internal.reflect.DelegatingConstructorAccessorImpl.newInstance(DelegatingConstructorAccessorImpl.java:45)
at java.base/java.lang.reflect.Constructor.newInstanceWithCaller(Constructor.java:500)
at java.base/java.lang.reflect.Constructor.newInstance(Constructor.java:481)
at org.openqa.selenium.remote.http.W3CHttpResponseCodec.createException(W3CHttpResponseCodec.java:187)
at org.openqa.selenium.remote.http.W3CHttpResponseCodec.decode(W3CHttpResponseCodec.java:122)
at org.openqa.selenium.remote.http.W3CHttpResponseCodec.decode(W3CHttpResponseCodec.java:49)
at org.openqa.selenium.remote.HttpCommandExecutor.execute(HttpCommandExecutor.java:158)
at org.openqa.selenium.remote.service.DriverCommandExecutor.execute(DriverCommandExecutor.java:83)
at org.openqa.selenium.remote.RemoteWebDriver.execute(RemoteWebDriver.java:552)
at org.openqa.selenium.remote.RemoteWebDriver.get(RemoteWebDriver.java:277)
at com.kuda.base.TestBase.setUp(TestBase.java:77)
at java.base/jdk.internal.reflect.NativeMethodAccessorImpl.invoke0(Native Method)
at java.base/jdk.internal.reflect.NativeMethodAccessorImpl.invoke(NativeMethodAccessorImpl.java:62)
at java.base/jdk.internal.reflect.DelegatingMethodAccessorImpl.invoke(DelegatingMethodAccessorImpl.java:43)
at java.base/java.lang.reflect.Method.invoke(Method.java:564)
at org.testng.internal.MethodInvocationHelper.invokeMethod(MethodInvocationHelper.java:134)
at org.testng.internal.MethodInvocationHelper.invokeMethodConsideringTimeout(MethodInvocationHelper.java:63)
at org.testng.internal.ConfigInvoker.invokeConfigurationMethod(ConfigInvoker.java:348)
at org.testng.internal.ConfigInvoker.invokeConfigurations(ConfigInvoker.java:302)
at org.testng.internal.TestMethodWorker.invokeBeforeClassMethods(TestMethodWorker.java:176)
at org.testng.internal.TestMethodWorker.run(TestMethodWorker.java:122)
at java.base/java.util.ArrayList.forEach(ArrayList.java:1511)
at org.testng.TestRunner.privateRun(TestRunner.java:766)
at org.testng.TestRunner.run(TestRunner.java:587)
at org.testng.SuiteRunner.runTest(SuiteRunner.java:384)
at org.testng.SuiteRunner.runSequentially(SuiteRunner.java:378)
at org.testng.SuiteRunner.privateRun(SuiteRunner.java:337)
at org.testng.SuiteRunner.run(SuiteRunner.java:286)
at org.testng.SuiteRunnerWorker.runSuite(SuiteRunnerWorker.java:53)
at org.testng.SuiteRunnerWorker.run(SuiteRunnerWorker.java:96)
at org.testng.TestNG.runSuitesSequentially(TestNG.java:1187)
at org.testng.TestNG.runSuitesLocally(TestNG.java:1109)
at org.testng.TestNG.runSuites(TestNG.java:1039)
at org.testng.TestNG.run(TestNG.java:1007)
at org.apache.maven.surefire.testng.TestNGExecutor.run(TestNGExecutor.java:281)
at org.apache.maven.surefire.testng.TestNGXmlTestSuite.execute(TestNGXmlTestSuite.java:75)
at org.apache.maven.surefire.testng.TestNGProvider.invoke(TestNGProvider.java:121)
at org.apache.maven.surefire.booter.ForkedBooter.invokeProviderInSameClassLoader(ForkedBooter.java:290)
at org.apache.maven.surefire.booter.ForkedBooter.runSuitesInProcess(ForkedBooter.java:242)
at org.apache.maven.surefire.booter.ForkedBooter.main(ForkedBooter.java:121)
]]>
    </error>
  </testcase> <!-- setUp -->
  <system-out/>
  <testcase classname="com.kuda.testCases.CustomerInfoManagement" name="viewCustomers" time="0.000">
    <skipped/>
  </testcase> <!-- viewCustomers -->
  <system-out/>
  <testcase classname="com.kuda.testCases.CustomerInfoManagement" name="searchCustomerByName" time="0.000">
    <skipped/>
  </testcase> <!-- searchCustomerByName -->
  <system-out/>
  <testcase classname="com.kuda.testCases.CustomerInfoManagement" name="searchByCustomerEmail" time="0.000">
    <skipped/>
  </testcase> <!-- searchByCustomerEmail -->
  <system-out/>
  <testcase classname="com.kuda.testCases.CustomerInfoManagement" name="searchCustomerById" time="0.000">
    <skipped/>
  </testcase> <!-- searchCustomerById -->
  <system-out/>
  <testcase classname="com.kuda.testCases.CustomerInfoManagement" name="createCustomer" time="0.000">
    <skipped/>
  </testcase> <!-- createCustomer -->
  <system-out/>
</testsuite> <!-- com.kuda.testCases.CustomerInfoManagement -->
