<?xml version="1.0" encoding="UTF-8"?>
<!-- Generated by org.testng.reporters.JUnitReportReporter -->
<testsuite skipped="0" hostname="DESKTOP-D068G7Q" name="com.kuda.testCases.ValidateLogin" tests="1" failures="0" timestamp="2020-10-08T07:11:18 PDT" time="22.391" errors="0">
  <testcase name="googleSign" time="22.391" classname="com.kuda.testCases.ValidateLogin"/>
  <system-out/>
</testsuite> <!-- com.kuda.testCases.ValidateLogin -->
