<?xml version="1.0" encoding="UTF-8"?>
<!-- Generated by org.testng.reporters.JUnitReportReporter -->
<testsuite skipped="0" hostname="DESKTOP-D068G7Q" name="com.kuda.postingsMgt.ValidateLocalTransfer" tests="1" failures="0" timestamp="2020-10-05T01:08:03 PDT" time="49.614" errors="0">
  <testcase name="verifyLocalFundTransfer" time="49.614" classname="com.kuda.postingsMgt.ValidateLocalTransfer"/>
  <system-out/>
</testsuite> <!-- com.kuda.postingsMgt.ValidateLocalTransfer -->
