<?xml version="1.0" encoding="UTF-8"?>
<!-- Generated by org.testng.reporters.JUnitReportReporter -->
<testsuite skipped="0" hostname="DESKTOP-D068G7Q" name="com.kuda.testCases.ValidateLogin" tests="1" failures="0" timestamp="2020-10-05T01:08:03 PDT" time="19.977" errors="0">
  <testcase name="googleSign" time="19.977" classname="com.kuda.testCases.ValidateLogin"/>
  <system-out/>
</testsuite> <!-- com.kuda.testCases.ValidateLogin -->
