<?xml version="1.0" encoding="UTF-8"?>
<!-- Generated by org.testng.reporters.JUnitReportReporter -->
<testsuite skipped="0" hostname="DESKTOP-D068G7Q" name="com.kuda.testCases.CustomerInfoManagement" tests="5" failures="0" timestamp="2020-10-05T08:11:47 PDT" time="41.688" errors="0">
  <testcase name="viewCustomers" time="20.981" classname="com.kuda.testCases.CustomerInfoManagement"/>
  <system-out/>
  <testcase name="searchCustomerByName" time="3.258" classname="com.kuda.testCases.CustomerInfoManagement"/>
  <system-out/>
  <testcase name="searchByCustomerEmail" time="3.295" classname="com.kuda.testCases.CustomerInfoManagement"/>
  <system-out/>
  <testcase name="searchCustomerById" time="3.218" classname="com.kuda.testCases.CustomerInfoManagement"/>
  <system-out/>
  <testcase name="createCustomer" time="10.936" classname="com.kuda.testCases.CustomerInfoManagement"/>
  <system-out/>
</testsuite> <!-- com.kuda.testCases.CustomerInfoManagement -->
