<?xml version="1.0" encoding="UTF-8"?>
<!-- Generated by org.testng.reporters.JUnitReportReporter -->
<testsuite skipped="0" hostname="DESKTOP-D068G7Q" name="com.kuda.postingsMgt.ValidateSingleJournalTransfer" tests="1" failures="0" timestamp="2020-10-05T08:11:47 PDT" time="31.741" errors="0">
  <testcase name="glToglTransfer" time="31.741" classname="com.kuda.postingsMgt.ValidateSingleJournalTransfer"/>
  <system-out/>
</testsuite> <!-- com.kuda.postingsMgt.ValidateSingleJournalTransfer -->
