<?xml version="1.0" encoding="UTF-8"?>
<!-- Generated by org.testng.reporters.JUnitReportReporter -->
<testsuite skipped="0" hostname="DESKTOP-D068G7Q" name="com.kuda.testCases.GeneralLedgerManagement" tests="5" failures="0" timestamp="2020-10-08T07:11:18 PDT" time="40.417" errors="0">
  <testcase name="viewGLAccounts" time="26.421" classname="com.kuda.testCases.GeneralLedgerManagement"/>
  <system-out/>
  <testcase name="searchGLByName" time="5.267" classname="com.kuda.testCases.GeneralLedgerManagement"/>
  <system-out/>
  <testcase name="searchGLByCode" time="6.533" classname="com.kuda.testCases.GeneralLedgerManagement"/>
  <system-out/>
  <testcase name="viewGLBalance" time="2.196" classname="com.kuda.testCases.GeneralLedgerManagement"/>
  <system-out/>
  <testcase name="editGeneralLedgerAccount" time="0.000" classname="com.kuda.testCases.GeneralLedgerManagement"/>
  <system-out/>
</testsuite> <!-- com.kuda.testCases.GeneralLedgerManagement -->
