<?xml version="1.0" encoding="UTF-8"?>
<!-- Generated by org.testng.reporters.JUnitReportReporter -->
<testsuite skipped="0" hostname="DESKTOP-D068G7Q" name="com.kuda.postingsMgt.ValidateSingleJournalTransfer" tests="1" failures="0" timestamp="2020-10-08T07:11:18 PDT" time="38.921" errors="0">
  <testcase name="glToglTransfer" time="38.921" classname="com.kuda.postingsMgt.ValidateSingleJournalTransfer"/>
  <system-out/>
</testsuite> <!-- com.kuda.postingsMgt.ValidateSingleJournalTransfer -->
