<?xml version="1.0" encoding="UTF-8"?>
<!-- Generated by org.testng.reporters.JUnitReportReporter -->
<testsuite skipped="0" hostname="DESKTOP-D068G7Q" name="com.kuda.testCases.CustomerAccountManagement" tests="7" failures="0" timestamp="2020-10-05T01:08:03 PDT" time="91.777" errors="0">
  <testcase name="viewCASAccount" time="27.962" classname="com.kuda.testCases.CustomerAccountManagement"/>
  <system-out/>
  <testcase name="searchByAccountName" time="3.355" classname="com.kuda.testCases.CustomerAccountManagement"/>
  <system-out/>
  <testcase name="searchByAccountNumber" time="3.192" classname="com.kuda.testCases.CustomerAccountManagement"/>
  <system-out/>
  <testcase name="searchByAccountEmail" time="3.312" classname="com.kuda.testCases.CustomerAccountManagement"/>
  <system-out/>
  <testcase name="viewAccountBalance" time="6.480" classname="com.kuda.testCases.CustomerAccountManagement"/>
  <system-out/>
  <testcase name="editCustomerAccount" time="20.037" classname="com.kuda.testCases.CustomerAccountManagement"/>
  <system-out/>
  <testcase name="createCustomerAccount" time="27.439" classname="com.kuda.testCases.CustomerAccountManagement"/>
  <system-out/>
</testsuite> <!-- com.kuda.testCases.CustomerAccountManagement -->
