<?xml version="1.0" encoding="UTF-8"?>
<!-- Generated by org.testng.reporters.JUnitReportReporter -->
<testsuite skipped="0" hostname="DESKTOP-D068G7Q" name="com.kuda.testCases.CustomerInfoManagement" tests="5" failures="0" timestamp="2020-10-08T07:11:18 PDT" time="55.706" errors="0">
  <testcase name="viewCustomers" time="26.386" classname="com.kuda.testCases.CustomerInfoManagement"/>
  <system-out/>
  <testcase name="searchCustomerByName" time="3.914" classname="com.kuda.testCases.CustomerInfoManagement"/>
  <system-out/>
  <testcase name="searchByCustomerEmail" time="3.750" classname="com.kuda.testCases.CustomerInfoManagement"/>
  <system-out/>
  <testcase name="searchCustomerById" time="3.593" classname="com.kuda.testCases.CustomerInfoManagement"/>
  <system-out/>
  <testcase name="createCustomer" time="18.063" classname="com.kuda.testCases.CustomerInfoManagement"/>
  <system-out/>
</testsuite> <!-- com.kuda.testCases.CustomerInfoManagement -->
